Removed Pin From Net: NetName=OUT_1.4 Pin=RA_1.1-5
Removed Pin From Net: NetName=OUT_1.3 Pin=RA_1.1-6
Removed Pin From Net: NetName=OUT_1.2 Pin=RA_1.1-7
Removed Pin From Net: NetName=OUT_1.1 Pin=RA_1.1-8
Removed Pin From Net: NetName=OUT_1.8 Pin=RA_1.2-5
Removed Pin From Net: NetName=OUT_1.7 Pin=RA_1.2-6
Removed Pin From Net: NetName=OUT_1.6 Pin=RA_1.2-7
Removed Pin From Net: NetName=OUT_1.5 Pin=RA_1.2-8
Removed Pin From Net: NetName=OUT_1.2 Pin=U1-1
Removed Pin From Net: NetName=OUT_1.3 Pin=U1-2
Removed Pin From Net: NetName=OUT_1.4 Pin=U1-3
Removed Pin From Net: NetName=OUT_1.5 Pin=U1-4
Removed Pin From Net: NetName=OUT_1.6 Pin=U1-5
Removed Pin From Net: NetName=OUT_1.7 Pin=U1-6
Removed Pin From Net: NetName=OUT_1.8 Pin=U1-7
Removed Pin From Net: NetName=OUT_1.1 Pin=U1-15
Added Pin To Net: NetName=OUT_1.1 Pin=RA_1.1-1
Added Pin To Net: NetName=OUT_1.2 Pin=RA_1.1-2
Added Pin To Net: NetName=OUT_1.3 Pin=RA_1.1-3
Added Pin To Net: NetName=OUT_1.4 Pin=RA_1.1-4
Added Pin To Net: NetName=OUT_1.5 Pin=RA_1.2-1
Added Pin To Net: NetName=OUT_1.6 Pin=RA_1.2-2
Added Pin To Net: NetName=OUT_1.7 Pin=RA_1.2-3
Added Pin To Net: NetName=OUT_1.8 Pin=RA_1.2-4
Added Pin To Net: NetName=NetRA_1.1_5 Pin=RA_1.1-5
Added Pin To Net: NetName=NetRA_1.1_5 Pin=U1-3
Added Net: Name=NetRA_1.1_5
Added Pin To Net: NetName=NetRA_1.1_6 Pin=RA_1.1-6
Added Pin To Net: NetName=NetRA_1.1_6 Pin=U1-2
Added Net: Name=NetRA_1.1_6
Added Pin To Net: NetName=NetRA_1.1_7 Pin=RA_1.1-7
Added Pin To Net: NetName=NetRA_1.1_7 Pin=U1-1
Added Net: Name=NetRA_1.1_7
Added Pin To Net: NetName=NetRA_1.1_8 Pin=RA_1.1-8
Added Pin To Net: NetName=NetRA_1.1_8 Pin=U1-15
Added Net: Name=NetRA_1.1_8
Added Pin To Net: NetName=NetRA_1.2_5 Pin=RA_1.2-5
Added Pin To Net: NetName=NetRA_1.2_5 Pin=U1-7
Added Net: Name=NetRA_1.2_5
Added Pin To Net: NetName=NetRA_1.2_6 Pin=RA_1.2-6
Added Pin To Net: NetName=NetRA_1.2_6 Pin=U1-6
Added Net: Name=NetRA_1.2_6
Added Pin To Net: NetName=NetRA_1.2_7 Pin=RA_1.2-7
Added Pin To Net: NetName=NetRA_1.2_7 Pin=U1-5
Added Net: Name=NetRA_1.2_7
Added Pin To Net: NetName=NetRA_1.2_8 Pin=RA_1.2-8
Added Pin To Net: NetName=NetRA_1.2_8 Pin=U1-4
Added Net: Name=NetRA_1.2_8
Added Room: Name=Dout32x
