Added Component: Designator=P_Dout_9-16(918510x324)
Added Component: Designator=U2(D016_N)
Added Pin To Net: NetName=GND Pin=P_Dout_9-16-9
Added Pin To Net: NetName=GND Pin=U2-8
Added Pin To Net: NetName=VCC Pin=U2-16
Added Pin To Net: NetName=OUT_2.1 Pin=P_Dout_9-16-1
Added Pin To Net: NetName=OUT_2.1 Pin=U2-15
Added Net: Name=OUT_2.1
Added Pin To Net: NetName=OUT_2.2 Pin=P_Dout_9-16-2
Added Pin To Net: NetName=OUT_2.2 Pin=U2-1
Added Net: Name=OUT_2.2
Added Pin To Net: NetName=OUT_2.3 Pin=P_Dout_9-16-3
Added Pin To Net: NetName=OUT_2.3 Pin=U2-2
Added Net: Name=OUT_2.3
Added Pin To Net: NetName=OUT_2.4 Pin=P_Dout_9-16-4
Added Pin To Net: NetName=OUT_2.4 Pin=U2-3
Added Net: Name=OUT_2.4
Added Pin To Net: NetName=OUT_2.5 Pin=P_Dout_9-16-5
Added Pin To Net: NetName=OUT_2.5 Pin=U2-4
Added Net: Name=OUT_2.5
Added Pin To Net: NetName=OUT_2.6 Pin=P_Dout_9-16-6
Added Pin To Net: NetName=OUT_2.6 Pin=U2-5
Added Net: Name=OUT_2.6
Added Pin To Net: NetName=OUT_2.7 Pin=P_Dout_9-16-7
Added Pin To Net: NetName=OUT_2.7 Pin=U2-6
Added Net: Name=OUT_2.7
Added Pin To Net: NetName=OUT_2.8 Pin=P_Dout_9-16-8
Added Pin To Net: NetName=OUT_2.8 Pin=U2-7
Added Net: Name=OUT_2.8
Added Member To Class: ClassName=Dout32x Member=Component P_Dout_9-16 10 pol
Added Member To Class: ClassName=Dout32x Member=Component U2 SN74HC595D
