Removed Pin From Net: NetName=OUT_2.4 Pin=RA_2.1-5
Removed Pin From Net: NetName=OUT_2.3 Pin=RA_2.1-6
Removed Pin From Net: NetName=OUT_2.2 Pin=RA_2.1-7
Removed Pin From Net: NetName=OUT_2.1 Pin=RA_2.1-8
Removed Pin From Net: NetName=OUT_2.8 Pin=RA_2.2-5
Removed Pin From Net: NetName=OUT_2.7 Pin=RA_2.2-6
Removed Pin From Net: NetName=OUT_2.6 Pin=RA_2.2-7
Removed Pin From Net: NetName=OUT_2.5 Pin=RA_2.2-8
Removed Pin From Net: NetName=OUT_3.4 Pin=RA_3.1-5
Removed Pin From Net: NetName=OUT_3.3 Pin=RA_3.1-6
Removed Pin From Net: NetName=OUT_3.2 Pin=RA_3.1-7
Removed Pin From Net: NetName=OUT_3.1 Pin=RA_3.1-8
Removed Pin From Net: NetName=OUT_3.8 Pin=RA_3.2-5
Removed Pin From Net: NetName=OUT_3.7 Pin=RA_3.2-6
Removed Pin From Net: NetName=OUT_3.6 Pin=RA_3.2-7
Removed Pin From Net: NetName=OUT_3.5 Pin=RA_3.2-8
Removed Pin From Net: NetName=OUT_4.4 Pin=RA_4.1-5
Removed Pin From Net: NetName=OUT_4.3 Pin=RA_4.1-6
Removed Pin From Net: NetName=OUT_4.2 Pin=RA_4.1-7
Removed Pin From Net: NetName=OUT_4.1 Pin=RA_4.1-8
Removed Pin From Net: NetName=OUT_4.8 Pin=RA_4.2-5
Removed Pin From Net: NetName=OUT_4.7 Pin=RA_4.2-6
Removed Pin From Net: NetName=OUT_4.6 Pin=RA_4.2-7
Removed Pin From Net: NetName=OUT_4.5 Pin=RA_4.2-8
Removed Pin From Net: NetName=OUT_2.2 Pin=U2-1
Removed Pin From Net: NetName=OUT_2.3 Pin=U2-2
Removed Pin From Net: NetName=OUT_2.4 Pin=U2-3
Removed Pin From Net: NetName=OUT_2.5 Pin=U2-4
Removed Pin From Net: NetName=OUT_2.6 Pin=U2-5
Removed Pin From Net: NetName=OUT_2.7 Pin=U2-6
Removed Pin From Net: NetName=OUT_2.8 Pin=U2-7
Removed Pin From Net: NetName=OUT_2.1 Pin=U2-15
Removed Pin From Net: NetName=OUT_3.2 Pin=U3-1
Removed Pin From Net: NetName=OUT_3.3 Pin=U3-2
Removed Pin From Net: NetName=OUT_3.4 Pin=U3-3
Removed Pin From Net: NetName=OUT_3.5 Pin=U3-4
Removed Pin From Net: NetName=OUT_3.6 Pin=U3-5
Removed Pin From Net: NetName=OUT_3.7 Pin=U3-6
Removed Pin From Net: NetName=OUT_3.8 Pin=U3-7
Removed Pin From Net: NetName=OUT_3.1 Pin=U3-15
Removed Pin From Net: NetName=OUT_4.2 Pin=U4-1
Removed Pin From Net: NetName=OUT_4.3 Pin=U4-2
Removed Pin From Net: NetName=OUT_4.4 Pin=U4-3
Removed Pin From Net: NetName=OUT_4.5 Pin=U4-4
Removed Pin From Net: NetName=OUT_4.6 Pin=U4-5
Removed Pin From Net: NetName=OUT_4.7 Pin=U4-6
Removed Pin From Net: NetName=OUT_4.8 Pin=U4-7
Removed Pin From Net: NetName=OUT_4.1 Pin=U4-15
Added Pin To Net: NetName=OUT_2.1 Pin=RA_2.1-1
Added Pin To Net: NetName=OUT_2.2 Pin=RA_2.1-2
Added Pin To Net: NetName=OUT_2.3 Pin=RA_2.1-3
Added Pin To Net: NetName=OUT_2.4 Pin=RA_2.1-4
Added Pin To Net: NetName=OUT_2.5 Pin=RA_2.2-1
Added Pin To Net: NetName=OUT_2.6 Pin=RA_2.2-2
Added Pin To Net: NetName=OUT_2.7 Pin=RA_2.2-3
Added Pin To Net: NetName=OUT_2.8 Pin=RA_2.2-4
Added Pin To Net: NetName=OUT_3.1 Pin=RA_3.1-1
Added Pin To Net: NetName=OUT_3.2 Pin=RA_3.1-2
Added Pin To Net: NetName=OUT_3.3 Pin=RA_3.1-3
Added Pin To Net: NetName=OUT_3.4 Pin=RA_3.1-4
Added Pin To Net: NetName=OUT_3.5 Pin=RA_3.2-1
Added Pin To Net: NetName=OUT_3.6 Pin=RA_3.2-2
Added Pin To Net: NetName=OUT_3.7 Pin=RA_3.2-3
Added Pin To Net: NetName=OUT_3.8 Pin=RA_3.2-4
Added Pin To Net: NetName=OUT_4.1 Pin=RA_4.1-1
Added Pin To Net: NetName=OUT_4.2 Pin=RA_4.1-2
Added Pin To Net: NetName=OUT_4.3 Pin=RA_4.1-3
Added Pin To Net: NetName=OUT_4.4 Pin=RA_4.1-4
Added Pin To Net: NetName=OUT_4.5 Pin=RA_4.2-1
Added Pin To Net: NetName=OUT_4.6 Pin=RA_4.2-2
Added Pin To Net: NetName=OUT_4.7 Pin=RA_4.2-3
Added Pin To Net: NetName=OUT_4.8 Pin=RA_4.2-4
Added Pin To Net: NetName=NetRA_2.1_5 Pin=RA_2.1-5
Added Pin To Net: NetName=NetRA_2.1_5 Pin=U2-3
Added Net: Name=NetRA_2.1_5
Added Pin To Net: NetName=NetRA_2.1_6 Pin=RA_2.1-6
Added Pin To Net: NetName=NetRA_2.1_6 Pin=U2-2
Added Net: Name=NetRA_2.1_6
Added Pin To Net: NetName=NetRA_2.1_7 Pin=RA_2.1-7
Added Pin To Net: NetName=NetRA_2.1_7 Pin=U2-1
Added Net: Name=NetRA_2.1_7
Added Pin To Net: NetName=NetRA_2.1_8 Pin=RA_2.1-8
Added Pin To Net: NetName=NetRA_2.1_8 Pin=U2-15
Added Net: Name=NetRA_2.1_8
Added Pin To Net: NetName=NetRA_2.2_5 Pin=RA_2.2-5
Added Pin To Net: NetName=NetRA_2.2_5 Pin=U2-7
Added Net: Name=NetRA_2.2_5
Added Pin To Net: NetName=NetRA_2.2_6 Pin=RA_2.2-6
Added Pin To Net: NetName=NetRA_2.2_6 Pin=U2-6
Added Net: Name=NetRA_2.2_6
Added Pin To Net: NetName=NetRA_2.2_7 Pin=RA_2.2-7
Added Pin To Net: NetName=NetRA_2.2_7 Pin=U2-5
Added Net: Name=NetRA_2.2_7
Added Pin To Net: NetName=NetRA_2.2_8 Pin=RA_2.2-8
Added Pin To Net: NetName=NetRA_2.2_8 Pin=U2-4
Added Net: Name=NetRA_2.2_8
Added Pin To Net: NetName=NetRA_3.1_5 Pin=RA_3.1-5
Added Pin To Net: NetName=NetRA_3.1_5 Pin=U3-3
Added Net: Name=NetRA_3.1_5
Added Pin To Net: NetName=NetRA_3.1_6 Pin=RA_3.1-6
Added Pin To Net: NetName=NetRA_3.1_6 Pin=U3-2
Added Net: Name=NetRA_3.1_6
Added Pin To Net: NetName=NetRA_3.1_7 Pin=RA_3.1-7
Added Pin To Net: NetName=NetRA_3.1_7 Pin=U3-1
Added Net: Name=NetRA_3.1_7
Added Pin To Net: NetName=NetRA_3.1_8 Pin=RA_3.1-8
Added Pin To Net: NetName=NetRA_3.1_8 Pin=U3-15
Added Net: Name=NetRA_3.1_8
Added Pin To Net: NetName=NetRA_3.2_5 Pin=RA_3.2-5
Added Pin To Net: NetName=NetRA_3.2_5 Pin=U3-7
Added Net: Name=NetRA_3.2_5
Added Pin To Net: NetName=NetRA_3.2_6 Pin=RA_3.2-6
Added Pin To Net: NetName=NetRA_3.2_6 Pin=U3-6
Added Net: Name=NetRA_3.2_6
Added Pin To Net: NetName=NetRA_3.2_7 Pin=RA_3.2-7
Added Pin To Net: NetName=NetRA_3.2_7 Pin=U3-5
Added Net: Name=NetRA_3.2_7
Added Pin To Net: NetName=NetRA_3.2_8 Pin=RA_3.2-8
Added Pin To Net: NetName=NetRA_3.2_8 Pin=U3-4
Added Net: Name=NetRA_3.2_8
Added Pin To Net: NetName=NetRA_4.1_5 Pin=RA_4.1-5
Added Pin To Net: NetName=NetRA_4.1_5 Pin=U4-3
Added Net: Name=NetRA_4.1_5
Added Pin To Net: NetName=NetRA_4.1_6 Pin=RA_4.1-6
Added Pin To Net: NetName=NetRA_4.1_6 Pin=U4-2
Added Net: Name=NetRA_4.1_6
Added Pin To Net: NetName=NetRA_4.1_7 Pin=RA_4.1-7
Added Pin To Net: NetName=NetRA_4.1_7 Pin=U4-1
Added Net: Name=NetRA_4.1_7
Added Pin To Net: NetName=NetRA_4.1_8 Pin=RA_4.1-8
Added Pin To Net: NetName=NetRA_4.1_8 Pin=U4-15
Added Net: Name=NetRA_4.1_8
Added Pin To Net: NetName=NetRA_4.2_5 Pin=RA_4.2-5
Added Pin To Net: NetName=NetRA_4.2_5 Pin=U4-7
Added Net: Name=NetRA_4.2_5
Added Pin To Net: NetName=NetRA_4.2_6 Pin=RA_4.2-6
Added Pin To Net: NetName=NetRA_4.2_6 Pin=U4-6
Added Net: Name=NetRA_4.2_6
Added Pin To Net: NetName=NetRA_4.2_7 Pin=RA_4.2-7
Added Pin To Net: NetName=NetRA_4.2_7 Pin=U4-5
Added Net: Name=NetRA_4.2_7
Added Pin To Net: NetName=NetRA_4.2_8 Pin=RA_4.2-8
Added Pin To Net: NetName=NetRA_4.2_8 Pin=U4-4
Added Net: Name=NetRA_4.2_8
Added Room: Name=Dout32x
