Removed Pin From Net: NetName=OD_4 Pin=P_Out-3
Removed Pin From Net: NetName=OUT_1.8 Pin=R?-5
Removed Pin From Net: NetName=OUT_1.6 Pin=R?-6
Removed Pin From Net: NetName=OUT_1.4 Pin=R?-7
Removed Pin From Net: NetName=OUT_1.2 Pin=R?-8
Removed Member From Class: ClassName=Dout32x Member=R?
Added Component: Designator=RA_1.1(EXB38)
Added Component: Designator=RA_1.2(EXB38)
Added Component: Designator=RA_2.1(EXB38)
Added Component: Designator=RA_2.2(EXB38)
Added Pin To Net: NetName=OUT_1.1 Pin=RA_1.1-1
Added Pin To Net: NetName=OUT_1.2 Pin=RA_1.1-2
Added Pin To Net: NetName=OUT_1.3 Pin=RA_1.1-3
Added Pin To Net: NetName=OUT_1.4 Pin=RA_1.1-4
Added Pin To Net: NetName=OUT_1.5 Pin=RA_1.2-1
Added Pin To Net: NetName=OUT_1.6 Pin=RA_1.2-2
Added Pin To Net: NetName=OUT_1.7 Pin=RA_1.2-3
Added Pin To Net: NetName=OUT_1.8 Pin=RA_1.2-4
Added Pin To Net: NetName=OUT_2.1 Pin=RA_2.1-1
Added Pin To Net: NetName=OUT_2.2 Pin=RA_2.1-2
Added Pin To Net: NetName=OUT_2.3 Pin=RA_2.1-3
Added Pin To Net: NetName=OUT_2.4 Pin=RA_2.1-4
Added Pin To Net: NetName=OUT_2.5 Pin=RA_2.2-1
Added Pin To Net: NetName=OUT_2.6 Pin=RA_2.2-2
Added Pin To Net: NetName=OUT_2.7 Pin=RA_2.2-3
Added Pin To Net: NetName=OUT_2.8 Pin=RA_2.2-4
Added Member To Class: ClassName=Dout32x Member=Component RA_1.1 EXB38
Added Member To Class: ClassName=Dout32x Member=Component RA_1.2 EXB38
Added Member To Class: ClassName=Dout32x Member=Component RA_2.1 EXB38
Added Member To Class: ClassName=Dout32x Member=Component RA_2.2 EXB38
