Removed Pin From Net: NetName=OUT_2.1 Pin=RA_2.1-1
Removed Pin From Net: NetName=OUT_2.2 Pin=RA_2.1-2
Removed Pin From Net: NetName=OUT_2.3 Pin=RA_2.1-3
Removed Pin From Net: NetName=OUT_2.4 Pin=RA_2.1-4
Removed Pin From Net: NetName=OUT_2.5 Pin=RA_2.2-1
Removed Pin From Net: NetName=OUT_2.6 Pin=RA_2.2-2
Removed Pin From Net: NetName=OUT_2.7 Pin=RA_2.2-3
Removed Pin From Net: NetName=OUT_2.8 Pin=RA_2.2-4
Added Component: Designator=RA_3.1(EXB38)
Added Component: Designator=RA_3.2(EXB38)
Added Component: Designator=RA_4.1(EXB38)
Added Component: Designator=RA_4.2(EXB38)
Added Pin To Net: NetName=OD_4 Pin=P_Out-3
Added Pin To Net: NetName=OUT_2.4 Pin=RA_2.1-5
Added Pin To Net: NetName=OUT_2.3 Pin=RA_2.1-6
Added Pin To Net: NetName=OUT_2.2 Pin=RA_2.1-7
Added Pin To Net: NetName=OUT_2.1 Pin=RA_2.1-8
Added Pin To Net: NetName=OUT_2.8 Pin=RA_2.2-5
Added Pin To Net: NetName=OUT_2.7 Pin=RA_2.2-6
Added Pin To Net: NetName=OUT_2.6 Pin=RA_2.2-7
Added Pin To Net: NetName=OUT_2.5 Pin=RA_2.2-8
Added Pin To Net: NetName=OUT_3.4 Pin=RA_3.1-5
Added Pin To Net: NetName=OUT_3.3 Pin=RA_3.1-6
Added Pin To Net: NetName=OUT_3.2 Pin=RA_3.1-7
Added Pin To Net: NetName=OUT_3.1 Pin=RA_3.1-8
Added Pin To Net: NetName=OUT_3.8 Pin=RA_3.2-5
Added Pin To Net: NetName=OUT_3.7 Pin=RA_3.2-6
Added Pin To Net: NetName=OUT_3.6 Pin=RA_3.2-7
Added Pin To Net: NetName=OUT_3.5 Pin=RA_3.2-8
Added Pin To Net: NetName=OUT_4.4 Pin=RA_4.1-5
Added Pin To Net: NetName=OUT_4.3 Pin=RA_4.1-6
Added Pin To Net: NetName=OUT_4.2 Pin=RA_4.1-7
Added Pin To Net: NetName=OUT_4.1 Pin=RA_4.1-8
Added Pin To Net: NetName=OUT_4.8 Pin=RA_4.2-5
Added Pin To Net: NetName=OUT_4.7 Pin=RA_4.2-6
Added Pin To Net: NetName=OUT_4.6 Pin=RA_4.2-7
Added Pin To Net: NetName=OUT_4.5 Pin=RA_4.2-8
Added Pin To Net: NetName=OD_2 Pin=U2-9
Added Pin To Net: NetName=OD_2 Pin=U3-14
Added Net: Name=OD_2
Added Member To Class: ClassName=Dout32x Member=Component RA_3.1 EXB38
Added Member To Class: ClassName=Dout32x Member=Component RA_3.2 EXB38
Added Member To Class: ClassName=Dout32x Member=Component RA_4.1 EXB38
Added Member To Class: ClassName=Dout32x Member=Component RA_4.2 EXB38
