Added Net: Name=GND
Added Net: Name=LED_0
Added Net: Name=LED_1
Added Net: Name=LED_2
Added Net: Name=LED_3
Added Net: Name=LED_4
Added Net: Name=LED_5
Added Net: Name=LED_6
Added Net: Name=LED_7
Added Net: Name=LED_8
Added Net: Name=LED_9
Added Net: Name=LED_10
Added Net: Name=LED_11
Added Net: Name=LED_12
Added Net: Name=LED_13
Added Net: Name=LED_14
Added Net: Name=LED_16
Added Net: Name=LED_17
Added Net: Name=LED_18
Added Net: Name=LED_19
Added Net: Name=LED_20
Added Net: Name=LED_21
Added Net: Name=LED_22
Added Net: Name=LED_23
Added Net: Name=SW_0
Added Net: Name=SW_1
Added Net: Name=SW_2
Added Net: Name=SW_3
Added Net: Name=SW_4
Added Net: Name=SW_5
Added Net: Name=SW_6
Added Net: Name=SW_7
Added Net: Name=SW_8
Added Net: Name=SW_9
Added Net: Name=SW_10
Added Net: Name=SW_11
Added Net: Name=SW_12
Added Net: Name=SW_13
Added Net: Name=SW_14
Added Net: Name=SW_15
Added Net: Name=SW_16
Added Net: Name=SW_17
Added Net: Name=SW_18
Added Net: Name=SW_19
Added Net: Name=SW_20
Added Net: Name=SW_21
Added Net: Name=SW_22
Added Net: Name=SW_23
Added Class: Name=UiBoard
Added Room: Name=UiBoard
