Added Component: Designator=S1(Marquardt Taster 6425)
Added Component: Designator=S2(Marquardt Taster 6425)
Added Component: Designator=S3(Marquardt Taster 6425)
Added Pin To Net: NetName=GND Pin=S1-2
Added Pin To Net: NetName=GND Pin=S1-4
Added Pin To Net: NetName=GND Pin=S2-2
Added Pin To Net: NetName=GND Pin=S2-4
Added Pin To Net: NetName=GND Pin=S3-2
Added Pin To Net: NetName=GND Pin=S3-4
Added Pin To Net: NetName=LED_1 Pin=S1-3
Added Net: Name=LED_1
Added Pin To Net: NetName=LED_2 Pin=S2-3
Added Net: Name=LED_2
Added Pin To Net: NetName=LED_3 Pin=S3-3
Added Net: Name=LED_3
Added Pin To Net: NetName=SW_1 Pin=S1-1
Added Net: Name=SW_1
Added Pin To Net: NetName=SW_2 Pin=S2-1
Added Net: Name=SW_2
Added Pin To Net: NetName=SW_3 Pin=S3-1
Added Net: Name=SW_3
Added Member To Class: ClassName=UiBoard Member=Component S1 Switch + LED
Added Member To Class: ClassName=UiBoard Member=Component S2 Switch + LED
Added Member To Class: ClassName=UiBoard Member=Component S3 Switch + LED
