Removed Pin From Net: NetName=GND Pin=S9-2
Removed Pin From Net: NetName=GND Pin=S9-4
Removed Pin From Net: NetName=SW_15 Pin=S16-1
Removed Pin From Net: NetName=SW_15 Pin=S16-3
Removed Pin From Net: NetName=GND Pin=S18-2
Removed Pin From Net: NetName=GND Pin=S18-4
Removed Pin From Net: NetName=SW_22 Pin=S23-1
Removed Pin From Net: NetName=GND Pin=S23-2
Removed Pin From Net: NetName=LED_22 Pin=S23-3
Removed Pin From Net: NetName=GND Pin=S23-4
Change Component Designator: OldDesignator=S? NewDesignator=S1
Added Component: Designator=S25(Marquardt Taster 6425)
Added Component: Designator=S26(Marquardt Taster 6425)
Added Component: Designator=S27(Marquardt Taster 6425)
Added Pin To Net: NetName=SW_15 Pin=S17-1
Added Pin To Net: NetName=SW_15 Pin=S17-3
Added Pin To Net: NetName=GND Pin=S25-2
Added Pin To Net: NetName=GND Pin=S25-4
Added Pin To Net: NetName=SW_22 Pin=S26-1
Added Pin To Net: NetName=GND Pin=S26-2
Added Pin To Net: NetName=LED_22 Pin=S26-3
Added Pin To Net: NetName=GND Pin=S26-4
Added Pin To Net: NetName=GND Pin=S27-2
Added Pin To Net: NetName=GND Pin=S27-4
Change Net Name : Old Net Name=LED_9 New Net Name=LED_8
Change Net Name : Old Net Name=LED_10 New Net Name=LED_9
Change Net Name : Old Net Name=LED_11 New Net Name=LED_10
Change Net Name : Old Net Name=LED_12 New Net Name=LED_11
Change Net Name : Old Net Name=LED_13 New Net Name=LED_12
Change Net Name : Old Net Name=LED_14 New Net Name=LED_13
Change Net Name : Old Net Name=LED_18 New Net Name=LED_16
Change Net Name : Old Net Name=LED_19 New Net Name=LED_17
Change Net Name : Old Net Name=LED_20 New Net Name=LED_18
Change Net Name : Old Net Name=LED_21 New Net Name=LED_19
Change Net Name : Old Net Name=LED_23 New Net Name=LED_20
Change Net Name : Old Net Name=SW_9 New Net Name=SW_8
Change Net Name : Old Net Name=SW_10 New Net Name=SW_9
Change Net Name : Old Net Name=SW_11 New Net Name=SW_10
Change Net Name : Old Net Name=SW_12 New Net Name=SW_11
Change Net Name : Old Net Name=SW_13 New Net Name=SW_12
Change Net Name : Old Net Name=SW_14 New Net Name=SW_13
Change Net Name : Old Net Name=SW_18 New Net Name=SW_16
Change Net Name : Old Net Name=SW_19 New Net Name=SW_17
Change Net Name : Old Net Name=SW_20 New Net Name=SW_18
Change Net Name : Old Net Name=SW_21 New Net Name=SW_19
Change Net Name : Old Net Name=SW_23 New Net Name=SW_20
Added Pin To Net: NetName=LED_14 Pin=S16-3
Added Net: Name=LED_14
Added Pin To Net: NetName=LED_21 Pin=S25-3
Added Net: Name=LED_21
Added Pin To Net: NetName=LED_23 Pin=S27-3
Added Net: Name=LED_23
Added Pin To Net: NetName=SW_14 Pin=S16-1
Added Net: Name=SW_14
Added Pin To Net: NetName=SW_21 Pin=S25-1
Added Net: Name=SW_21
Added Pin To Net: NetName=SW_23 Pin=S27-1
Added Net: Name=SW_23
Added Member To Class: ClassName=UiBoard Member=Component S25 Switch + LED
Added Member To Class: ClassName=UiBoard Member=Component S26 Switch + LED
Added Member To Class: ClassName=UiBoard Member=Component S27 Switch + LED
