Removed Pin From Net: NetName=IN_2.1 Pin=RA_2.1-1
Removed Pin From Net: NetName=IN_2.2 Pin=RA_2.1-2
Removed Pin From Net: NetName=IN_2.3 Pin=RA_2.1-3
Removed Pin From Net: NetName=IN_2.4 Pin=RA_2.1-4
Removed Pin From Net: NetName=IN_2.5 Pin=RA_2.2-1
Removed Pin From Net: NetName=IN_2.6 Pin=RA_2.2-2
Removed Pin From Net: NetName=IN_2.7 Pin=RA_2.2-3
Removed Pin From Net: NetName=IN_2.8 Pin=RA_2.2-4
Removed Pin From Net: NetName=IN_3.1 Pin=RA_3.1-1
Removed Pin From Net: NetName=IN_3.2 Pin=RA_3.1-2
Removed Pin From Net: NetName=IN_3.3 Pin=RA_3.1-3
Removed Pin From Net: NetName=IN_3.4 Pin=RA_3.1-4
Removed Pin From Net: NetName=IN_3.5 Pin=RA_3.2-1
Removed Pin From Net: NetName=IN_3.6 Pin=RA_3.2-2
Removed Pin From Net: NetName=IN_3.7 Pin=RA_3.2-3
Removed Pin From Net: NetName=IN_3.8 Pin=RA_3.2-4
Added Pin To Net: NetName=IN_2.2 Pin=P_In_9-16-2
Added Pin To Net: NetName=IN_2.4 Pin=P_In_9-16-4
Added Pin To Net: NetName=IN_2.6 Pin=P_In_9-16-6
Added Pin To Net: NetName=IN_2.8 Pin=P_In_9-16-8
Added Pin To Net: NetName=IN_2.4 Pin=RA_2.1-1
Added Pin To Net: NetName=IN_2.3 Pin=RA_2.1-2
Added Pin To Net: NetName=IN_2.2 Pin=RA_2.1-3
Added Pin To Net: NetName=IN_2.1 Pin=RA_2.1-4
Added Pin To Net: NetName=IN_2.8 Pin=RA_2.2-1
Added Pin To Net: NetName=IN_2.7 Pin=RA_2.2-2
Added Pin To Net: NetName=IN_2.6 Pin=RA_2.2-3
Added Pin To Net: NetName=IN_2.5 Pin=RA_2.2-4
Added Pin To Net: NetName=IN_3.4 Pin=RA_3.1-1
Added Pin To Net: NetName=IN_3.3 Pin=RA_3.1-2
Added Pin To Net: NetName=IN_3.2 Pin=RA_3.1-3
Added Pin To Net: NetName=IN_3.1 Pin=RA_3.1-4
Added Pin To Net: NetName=IN_3.8 Pin=RA_3.2-1
Added Pin To Net: NetName=IN_3.7 Pin=RA_3.2-2
Added Pin To Net: NetName=IN_3.6 Pin=RA_3.2-3
Added Pin To Net: NetName=IN_3.5 Pin=RA_3.2-4
Change Class Name : Old Net Name=Din24x New Net Name=Din24x.
Added Room: Name=Din24x.
