Removed Pin From Net: NetName=IN_2.2 Pin=P_In_9-16-2
Removed Pin From Net: NetName=IN_2.4 Pin=P_In_9-16-4
Removed Pin From Net: NetName=IN_2.6 Pin=P_In_9-16-6
Removed Pin From Net: NetName=IN_2.8 Pin=P_In_9-16-8
Added Component: Designator=C_U3(1608[0603])
Added Component: Designator=P_In_17-24(918510x324)
Added Component: Designator=RA_3.1(EXB38)
Added Component: Designator=RA_3.2(EXB38)
Added Component: Designator=U3(D016_L)
Added Pin To Net: NetName=GND Pin=C_U3-1
Added Pin To Net: NetName=VCC Pin=C_U3-2
Added Pin To Net: NetName=GND Pin=P_In_17-24-9
Added Pin To Net: NetName=VCC Pin=RA_3.1-5
Added Pin To Net: NetName=VCC Pin=RA_3.1-6
Added Pin To Net: NetName=VCC Pin=RA_3.1-7
Added Pin To Net: NetName=VCC Pin=RA_3.1-8
Added Pin To Net: NetName=VCC Pin=RA_3.2-5
Added Pin To Net: NetName=VCC Pin=RA_3.2-6
Added Pin To Net: NetName=VCC Pin=RA_3.2-7
Added Pin To Net: NetName=VCC Pin=RA_3.2-8
Added Pin To Net: NetName=IG Pin=U3-1
Added Pin To Net: NetName=CL Pin=U3-2
Added Pin To Net: NetName=GND Pin=U3-8
Added Pin To Net: NetName=ID Pin=U3-10
Added Pin To Net: NetName=GND Pin=U3-15
Added Pin To Net: NetName=IN_3.1 Pin=P_In_17-24-1
Added Pin To Net: NetName=IN_3.1 Pin=RA_3.1-1
Added Pin To Net: NetName=IN_3.1 Pin=U3-11
Added Net: Name=IN_3.1
Added Pin To Net: NetName=IN_3.2 Pin=P_In_17-24-2
Added Pin To Net: NetName=IN_3.2 Pin=RA_3.1-2
Added Pin To Net: NetName=IN_3.2 Pin=U3-12
Added Net: Name=IN_3.2
Added Pin To Net: NetName=IN_3.3 Pin=P_In_17-24-3
Added Pin To Net: NetName=IN_3.3 Pin=RA_3.1-3
Added Pin To Net: NetName=IN_3.3 Pin=U3-13
Added Net: Name=IN_3.3
Added Pin To Net: NetName=IN_3.4 Pin=P_In_17-24-4
Added Pin To Net: NetName=IN_3.4 Pin=RA_3.1-4
Added Pin To Net: NetName=IN_3.4 Pin=U3-14
Added Net: Name=IN_3.4
Added Pin To Net: NetName=IN_3.5 Pin=P_In_17-24-5
Added Pin To Net: NetName=IN_3.5 Pin=RA_3.2-1
Added Pin To Net: NetName=IN_3.5 Pin=U3-3
Added Net: Name=IN_3.5
Added Pin To Net: NetName=IN_3.6 Pin=P_In_17-24-6
Added Pin To Net: NetName=IN_3.6 Pin=RA_3.2-2
Added Pin To Net: NetName=IN_3.6 Pin=U3-4
Added Net: Name=IN_3.6
Added Pin To Net: NetName=IN_3.7 Pin=P_In_17-24-7
Added Pin To Net: NetName=IN_3.7 Pin=RA_3.2-3
Added Pin To Net: NetName=IN_3.7 Pin=U3-5
Added Net: Name=IN_3.7
Added Pin To Net: NetName=IN_3.8 Pin=P_In_17-24-8
Added Pin To Net: NetName=IN_3.8 Pin=RA_3.2-4
Added Pin To Net: NetName=IN_3.8 Pin=U3-6
Added Net: Name=IN_3.8
Added Member To Class: ClassName=Din24x Member=Component C_U3 Cap Semi
Added Member To Class: ClassName=Din24x Member=Component P_In_17-24 10 pol
Added Member To Class: ClassName=Din24x Member=Component RA_3.1 EXB38
Added Member To Class: ClassName=Din24x Member=Component RA_3.2 EXB38
Added Member To Class: ClassName=Din24x Member=Component U3 SN74HC165D
Added Room: Name=Din24x
