Added Component: Designator=C_U2(1608[0603])
Added Component: Designator=P_In_9-16(918510x324)
Added Component: Designator=RA_2.1(EXB38)
Added Component: Designator=RA_2.2(EXB38)
Added Component: Designator=U2(D016_L)
Added Pin To Net: NetName=GND Pin=C_U2-1
Added Pin To Net: NetName=VCC Pin=C_U2-2
Added Pin To Net: NetName=GND Pin=P_In_9-16-9
Added Pin To Net: NetName=VCC Pin=RA_2.1-5
Added Pin To Net: NetName=VCC Pin=RA_2.1-6
Added Pin To Net: NetName=VCC Pin=RA_2.1-7
Added Pin To Net: NetName=VCC Pin=RA_2.1-8
Added Pin To Net: NetName=VCC Pin=RA_2.2-5
Added Pin To Net: NetName=VCC Pin=RA_2.2-6
Added Pin To Net: NetName=VCC Pin=RA_2.2-7
Added Pin To Net: NetName=VCC Pin=RA_2.2-8
Added Pin To Net: NetName=IG Pin=U2-1
Added Pin To Net: NetName=CL Pin=U2-2
Added Pin To Net: NetName=GND Pin=U2-8
Added Pin To Net: NetName=ID Pin=U2-10
Added Pin To Net: NetName=GND Pin=U2-15
Added Pin To Net: NetName=IN_2.1 Pin=P_In_9-16-1
Added Pin To Net: NetName=IN_2.1 Pin=RA_2.1-1
Added Pin To Net: NetName=IN_2.1 Pin=U2-11
Added Net: Name=IN_2.1
Added Pin To Net: NetName=IN_2.2 Pin=P_In_9-16-2
Added Pin To Net: NetName=IN_2.2 Pin=RA_2.1-2
Added Pin To Net: NetName=IN_2.2 Pin=U2-12
Added Net: Name=IN_2.2
Added Pin To Net: NetName=IN_2.3 Pin=P_In_9-16-3
Added Pin To Net: NetName=IN_2.3 Pin=RA_2.1-3
Added Pin To Net: NetName=IN_2.3 Pin=U2-13
Added Net: Name=IN_2.3
Added Pin To Net: NetName=IN_2.4 Pin=P_In_9-16-4
Added Pin To Net: NetName=IN_2.4 Pin=RA_2.1-4
Added Pin To Net: NetName=IN_2.4 Pin=U2-14
Added Net: Name=IN_2.4
Added Pin To Net: NetName=IN_2.5 Pin=P_In_9-16-5
Added Pin To Net: NetName=IN_2.5 Pin=RA_2.2-1
Added Pin To Net: NetName=IN_2.5 Pin=U2-3
Added Net: Name=IN_2.5
Added Pin To Net: NetName=IN_2.6 Pin=P_In_9-16-6
Added Pin To Net: NetName=IN_2.6 Pin=RA_2.2-2
Added Pin To Net: NetName=IN_2.6 Pin=U2-4
Added Net: Name=IN_2.6
Added Pin To Net: NetName=IN_2.7 Pin=P_In_9-16-7
Added Pin To Net: NetName=IN_2.7 Pin=RA_2.2-3
Added Pin To Net: NetName=IN_2.7 Pin=U2-5
Added Net: Name=IN_2.7
Added Pin To Net: NetName=IN_2.8 Pin=P_In_9-16-8
Added Pin To Net: NetName=IN_2.8 Pin=RA_2.2-4
Added Pin To Net: NetName=IN_2.8 Pin=U2-6
Added Net: Name=IN_2.8
Added Member To Class: ClassName=Din24x Member=Component C_U2 Cap Semi
Added Member To Class: ClassName=Din24x Member=Component P_In_9-16 10 pol
Added Member To Class: ClassName=Din24x Member=Component RA_2.1 EXB38
Added Member To Class: ClassName=Din24x Member=Component RA_2.2 EXB38
Added Member To Class: ClassName=Din24x Member=Component U2 SN74HC165D
Added Room: Name=Din24x
