Change Physical Footprint: Designator=C1 Old Footprint=6-0805_N New Footprint=6-0805_N
Change Physical Footprint: Designator=C2 Old Footprint=6-0805_N New Footprint=6-0805_N
Change Physical Footprint: Designator=C3 Old Footprint=6-0805_N New Footprint=6-0805_N
Change Physical Footprint: Designator=C4 Old Footprint=6-0805_N New Footprint=6-0805_N
Change Physical Footprint: Designator=C5 Old Footprint=6-0805_N New Footprint=6-0805_N
Change Physical Footprint: Designator=C6 Old Footprint=6-0805_N New Footprint=6-0805_N
Change Physical Footprint: Designator=C7 Old Footprint=6-0805_N New Footprint=6-0805_N
Change Physical Footprint: Designator=C8 Old Footprint=6-0805_N New Footprint=6-0805_N
Change Physical Footprint: Designator=C9 Old Footprint=6-0805_N New Footprint=6-0805_N
Change Physical Footprint: Designator=C10 Old Footprint=6-0805_N New Footprint=6-0805_N
Change Physical Footprint: Designator=C11 Old Footprint=6-0805_N New Footprint=6-0805_N
Change Physical Footprint: Designator=C12 Old Footprint=6-0805_N New Footprint=6-0805_N
Change Physical Footprint: Designator=C13 Old Footprint=CAPPR3.5-8x20 New Footprint=CAPPR3.5-8x20
Change Physical Footprint: Designator=C14 Old Footprint=CAPPR2.5-6.3x11 New Footprint=CAPPR2.5-6.3x11
Change Physical Footprint: Designator=C15 Old Footprint=6-0805_N New Footprint=6-0805_N
Change Physical Footprint: Designator=C16 Old Footprint=6-0805_N New Footprint=6-0805_N
Change Physical Footprint: Designator=C17 Old Footprint=6-0805_N New Footprint=6-0805_N
Change Physical Footprint: Designator=C18 Old Footprint=6-0805_N New Footprint=6-0805_N
Change Physical Footprint: Designator=C19 Old Footprint=CAPPR3.5-8x20 New Footprint=CAPPR3.5-8x20
Change Physical Footprint: Designator=C20 Old Footprint=CAPPR2.5-6.3x11 New Footprint=CAPPR2.5-6.3x11
Change Physical Footprint: Designator=C21 Old Footprint=6-0805_N New Footprint=6-0805_N
Change Physical Footprint: Designator=C22 Old Footprint=6-0805_N New Footprint=6-0805_N
Change Physical Footprint: Designator=D1 Old Footprint=6-0805_M New Footprint=6-0805_M
Change Physical Footprint: Designator=D2 Old Footprint=6-0805_M New Footprint=6-0805_M
Change Physical Footprint: Designator=D3 Old Footprint=PCBComponent_1 New Footprint=PCBComponent_1
Change Physical Footprint: Designator=D4 Old Footprint=6-0805_M New Footprint=6-0805_M
Change Physical Footprint: Designator=D5 Old Footprint=6-0805_M New Footprint=6-0805_M
Change Physical Footprint: Designator=IC1 Old Footprint=LPCXpresso1769 New Footprint=LPCXpresso1769
Change Physical Footprint: Designator=J1 Old Footprint=HDR1X3 New Footprint=HDR1X3
Change Physical Footprint: Designator=J2 Old Footprint=HDR1X3 New Footprint=HDR1X3
Change Physical Footprint: Designator=J3 Old Footprint=HDR1X3 New Footprint=HDR1X3
Change Physical Footprint: Designator=J4 Old Footprint=Amphenol RJ45 New Footprint=Amphenol RJ45
Change Physical Footprint: Designator=J5 Old Footprint=HDR1X3 New Footprint=HDR1X3
Change Physical Footprint: Designator=J6 Old Footprint=HDR1X2 New Footprint=HDR1X2
Change Physical Footprint: Designator=J7 Old Footprint=HDR1X2 New Footprint=HDR1X2
Change Physical Footprint: Designator=J8 Old Footprint=HDR1X2 New Footprint=HDR1X2
Change Physical Footprint: Designator=J9 Old Footprint=HDR1X2 New Footprint=HDR1X2
Change Physical Footprint: Designator=J10 Old Footprint=HDR1X3 New Footprint=HDR1X3
Change Physical Footprint: Designator=J11 Old Footprint=HDR1X3 New Footprint=HDR1X3
Change Physical Footprint: Designator=P1 Old Footprint=10 pol Header New Footprint=10 pol Header
Change Physical Footprint: Designator=P2 Old Footprint=10 pol Header New Footprint=10 pol Header
Change Physical Footprint: Designator=P3 Old Footprint=10 pol Header New Footprint=10 pol Header
Change Physical Footprint: Designator=P4 Old Footprint=10 pol Header New Footprint=10 pol Header
Change Physical Footprint: Designator=P5 Old Footprint=10 pol Header New Footprint=10 pol Header
Change Physical Footprint: Designator=P6 Old Footprint=Mini USB Socket - Typ B New Footprint=Mini USB Socket - Typ B
Change Physical Footprint: Designator=P7 Old Footprint=10 pol Header New Footprint=10 pol Header
Change Physical Footprint: Designator=P8 Old Footprint=10 pol Header New Footprint=10 pol Header
Change Physical Footprint: Designator=P9 Old Footprint=10 pol Header New Footprint=10 pol Header
Change Physical Footprint: Designator=P10 Old Footprint=LumbergPowerCon New Footprint=LumbergPowerCon
Change Physical Footprint: Designator=P11 Old Footprint=HDR1X2 New Footprint=HDR1X2
Change Physical Footprint: Designator=P12 Old Footprint=HDR1X2 New Footprint=HDR1X2
Change Physical Footprint: Designator=P13 Old Footprint=16 pol Header New Footprint=16 pol Header
Change Physical Footprint: Designator=P14 Old Footprint=16 pol Header New Footprint=16 pol Header
Change Physical Footprint: Designator=P15 Old Footprint=16 pol Header New Footprint=16 pol Header
Change Physical Footprint: Designator=P16 Old Footprint=16 pol Header New Footprint=16 pol Header
Change Physical Footprint: Designator=Q1 Old Footprint=TO-226-AA New Footprint=TO-226-AA
Change Physical Footprint: Designator=R1 Old Footprint=6-0805 New Footprint=6-0805
Change Physical Footprint: Designator=R2 Old Footprint=EXB38 New Footprint=EXB38
Change Physical Footprint: Designator=R3 Old Footprint=EXB38 New Footprint=EXB38
Change Physical Footprint: Designator=R4 Old Footprint=6-0805 New Footprint=6-0805
Change Physical Footprint: Designator=R5 Old Footprint=6-0805 New Footprint=6-0805
Change Physical Footprint: Designator=R6 Old Footprint=6-0805 New Footprint=6-0805
Change Physical Footprint: Designator=R7 Old Footprint=6-0805 New Footprint=6-0805
Change Physical Footprint: Designator=R8 Old Footprint=6-0805 New Footprint=6-0805
Change Physical Footprint: Designator=R9 Old Footprint=MiniPot New Footprint=MiniPot
Change Physical Footprint: Designator=R10 Old Footprint=6-0805 New Footprint=6-0805
Change Physical Footprint: Designator=R11 Old Footprint=MiniPot New Footprint=MiniPot
Change Physical Footprint: Designator=R12 Old Footprint=6-0805 New Footprint=6-0805
Change Physical Footprint: Designator=R13 Old Footprint=EXB38 New Footprint=EXB38
Change Physical Footprint: Designator=SW1 Old Footprint=SMD Switch New Footprint=SMD Switch
Change Physical Footprint: Designator=SW2 Old Footprint=SMD Switch New Footprint=SMD Switch
Change Physical Footprint: Designator=SW3 Old Footprint=SMD Switch New Footprint=SMD Switch
Change Physical Footprint: Designator=U1 Old Footprint=DW020_N New Footprint=DW020_N
Change Physical Footprint: Designator=U2 Old Footprint=D016_M New Footprint=D016_M
Change Physical Footprint: Designator=U3 Old Footprint=SOIC127P1199-24AN New Footprint=SOIC127P1199-24AN
