Removed Pin From Net: NetName=LINE_0 Pin=P13-1
Removed Pin From Net: NetName=LINE_1 Pin=P13-3
Removed Pin From Net: NetName=LINE_2 Pin=P13-5
Removed Pin From Net: NetName=LINE_3 Pin=P13-7
Removed Pin From Net: NetName=LINE_4 Pin=P13-9
Removed Pin From Net: NetName=LINE_5 Pin=P13-11
Removed Pin From Net: NetName=LINE_6 Pin=P13-13
Removed Pin From Net: NetName=LINE_7 Pin=P13-15
Removed Pin From Net: NetName=LINE_8 Pin=P15-1
Removed Pin From Net: NetName=LINE_9 Pin=P15-3
Removed Pin From Net: NetName=LINE_10 Pin=P15-5
Removed Pin From Net: NetName=LINE_11 Pin=P15-7
Removed Pin From Net: NetName=LINE_12 Pin=P15-9
Removed Pin From Net: NetName=LINE_13 Pin=P15-11
Removed Pin From Net: NetName=LINE_14 Pin=P15-13
Removed Pin From Net: NetName=LINE_15 Pin=P15-15
Added Component: Designator=C23(6-0805_N)
Added Component: Designator=C24(6-0805_N)
Added Component: Designator=C25(6-0805_N)
Added Component: Designator=C26(6-0805_N)
Added Component: Designator=C27(6-0805_N)
Added Component: Designator=C28(6-0805_N)
Added Component: Designator=C29(6-0805_N)
Added Component: Designator=C30(6-0805_N)
Added Component: Designator=C31(6-0805_N)
Added Component: Designator=C32(6-0805_N)
Added Component: Designator=C33(6-0805_N)
Added Component: Designator=C34(6-0805_N)
Added Component: Designator=C35(6-0805_N)
Added Component: Designator=C36(6-0805_N)
Added Component: Designator=C37(6-0805_N)
Added Component: Designator=C38(6-0805_N)
Added Component: Designator=R23(6-0805)
Added Component: Designator=R24(6-0805)
Added Component: Designator=R25(6-0805)
Added Component: Designator=R26(6-0805)
Added Component: Designator=R27(6-0805)
Added Component: Designator=R28(6-0805)
Added Component: Designator=R29(6-0805)
Added Component: Designator=R30(6-0805)
Added Component: Designator=R31(6-0805)
Added Component: Designator=R32(6-0805)
Added Component: Designator=R33(6-0805)
Added Component: Designator=R34(6-0805)
Added Component: Designator=R35(6-0805)
Added Component: Designator=R36(6-0805)
Added Component: Designator=R37(6-0805)
Added Component: Designator=R38(6-0805)
Added Pin To Net: NetName=GND Pin=C23-1
Added Pin To Net: NetName=GND Pin=C24-1
Added Pin To Net: NetName=GND Pin=C25-1
Added Pin To Net: NetName=GND Pin=C26-1
Added Pin To Net: NetName=GND Pin=C27-1
Added Pin To Net: NetName=GND Pin=C28-1
Added Pin To Net: NetName=GND Pin=C29-1
Added Pin To Net: NetName=GND Pin=C30-1
Added Pin To Net: NetName=GND Pin=C31-1
Added Pin To Net: NetName=GND Pin=C32-1
Added Pin To Net: NetName=GND Pin=C33-1
Added Pin To Net: NetName=GND Pin=C34-1
Added Pin To Net: NetName=GND Pin=C35-1
Added Pin To Net: NetName=GND Pin=C36-1
Added Pin To Net: NetName=GND Pin=C37-1
Added Pin To Net: NetName=GND Pin=C38-1
Added Pin To Net: NetName=LINE_0 Pin=R23-2
Added Pin To Net: NetName=LINE_1 Pin=R24-2
Added Pin To Net: NetName=LINE_2 Pin=R25-2
Added Pin To Net: NetName=LINE_3 Pin=R26-2
Added Pin To Net: NetName=LINE_4 Pin=R27-2
Added Pin To Net: NetName=LINE_5 Pin=R28-2
Added Pin To Net: NetName=LINE_6 Pin=R29-2
Added Pin To Net: NetName=LINE_7 Pin=R30-2
Added Pin To Net: NetName=LINE_8 Pin=R31-2
Added Pin To Net: NetName=LINE_9 Pin=R32-2
Added Pin To Net: NetName=LINE_10 Pin=R33-2
Added Pin To Net: NetName=LINE_11 Pin=R34-2
Added Pin To Net: NetName=LINE_12 Pin=R35-2
Added Pin To Net: NetName=LINE_13 Pin=R36-2
Added Pin To Net: NetName=LINE_14 Pin=R37-2
Added Pin To Net: NetName=LINE_15 Pin=R38-2
Added Pin To Net: NetName=NetC23_2 Pin=C23-2
Added Pin To Net: NetName=NetC23_2 Pin=P13-1
Added Pin To Net: NetName=NetC23_2 Pin=R23-1
Added Net: Name=NetC23_2
Added Pin To Net: NetName=NetC24_2 Pin=C24-2
Added Pin To Net: NetName=NetC24_2 Pin=P13-3
Added Pin To Net: NetName=NetC24_2 Pin=R24-1
Added Net: Name=NetC24_2
Added Pin To Net: NetName=NetC25_2 Pin=C25-2
Added Pin To Net: NetName=NetC25_2 Pin=P13-5
Added Pin To Net: NetName=NetC25_2 Pin=R25-1
Added Net: Name=NetC25_2
Added Pin To Net: NetName=NetC26_2 Pin=C26-2
Added Pin To Net: NetName=NetC26_2 Pin=P13-7
Added Pin To Net: NetName=NetC26_2 Pin=R26-1
Added Net: Name=NetC26_2
Added Pin To Net: NetName=NetC27_2 Pin=C27-2
Added Pin To Net: NetName=NetC27_2 Pin=P13-9
Added Pin To Net: NetName=NetC27_2 Pin=R27-1
Added Net: Name=NetC27_2
Added Pin To Net: NetName=NetC28_2 Pin=C28-2
Added Pin To Net: NetName=NetC28_2 Pin=P13-11
Added Pin To Net: NetName=NetC28_2 Pin=R28-1
Added Net: Name=NetC28_2
Added Pin To Net: NetName=NetC29_2 Pin=C29-2
Added Pin To Net: NetName=NetC29_2 Pin=P13-13
Added Pin To Net: NetName=NetC29_2 Pin=R29-1
Added Net: Name=NetC29_2
Added Pin To Net: NetName=NetC30_2 Pin=C30-2
Added Pin To Net: NetName=NetC30_2 Pin=P13-15
Added Pin To Net: NetName=NetC30_2 Pin=R30-1
Added Net: Name=NetC30_2
Added Pin To Net: NetName=NetC31_2 Pin=C31-2
Added Pin To Net: NetName=NetC31_2 Pin=P15-1
Added Pin To Net: NetName=NetC31_2 Pin=R31-1
Added Net: Name=NetC31_2
Added Pin To Net: NetName=NetC32_2 Pin=C32-2
Added Pin To Net: NetName=NetC32_2 Pin=P15-3
Added Pin To Net: NetName=NetC32_2 Pin=R32-1
Added Net: Name=NetC32_2
Added Pin To Net: NetName=NetC33_2 Pin=C33-2
Added Pin To Net: NetName=NetC33_2 Pin=P15-5
Added Pin To Net: NetName=NetC33_2 Pin=R33-1
Added Net: Name=NetC33_2
Added Pin To Net: NetName=NetC34_2 Pin=C34-2
Added Pin To Net: NetName=NetC34_2 Pin=P15-7
Added Pin To Net: NetName=NetC34_2 Pin=R34-1
Added Net: Name=NetC34_2
Added Pin To Net: NetName=NetC35_2 Pin=C35-2
Added Pin To Net: NetName=NetC35_2 Pin=P15-9
Added Pin To Net: NetName=NetC35_2 Pin=R35-1
Added Net: Name=NetC35_2
Added Pin To Net: NetName=NetC36_2 Pin=C36-2
Added Pin To Net: NetName=NetC36_2 Pin=P15-11
Added Pin To Net: NetName=NetC36_2 Pin=R36-1
Added Net: Name=NetC36_2
Added Pin To Net: NetName=NetC37_2 Pin=C37-2
Added Pin To Net: NetName=NetC37_2 Pin=P15-13
Added Pin To Net: NetName=NetC37_2 Pin=R37-1
Added Net: Name=NetC37_2
Added Pin To Net: NetName=NetC38_2 Pin=C38-2
Added Pin To Net: NetName=NetC38_2 Pin=P15-15
Added Pin To Net: NetName=NetC38_2 Pin=R38-1
Added Net: Name=NetC38_2
Added Member To Class: ClassName=EmphaseMainBoard Member=Component C23 Cap Semi
Added Member To Class: ClassName=EmphaseMainBoard Member=Component C24 Cap Semi
Added Member To Class: ClassName=EmphaseMainBoard Member=Component C25 Cap Semi
Added Member To Class: ClassName=EmphaseMainBoard Member=Component C26 Cap Semi
Added Member To Class: ClassName=EmphaseMainBoard Member=Component C27 Cap Semi
Added Member To Class: ClassName=EmphaseMainBoard Member=Component C28 Cap Semi
Added Member To Class: ClassName=EmphaseMainBoard Member=Component C29 Cap Semi
Added Member To Class: ClassName=EmphaseMainBoard Member=Component C30 Cap Semi
Added Member To Class: ClassName=EmphaseMainBoard Member=Component C31 Cap Semi
Added Member To Class: ClassName=EmphaseMainBoard Member=Component C32 Cap Semi
Added Member To Class: ClassName=EmphaseMainBoard Member=Component C33 Cap Semi
Added Member To Class: ClassName=EmphaseMainBoard Member=Component C34 Cap Semi
Added Member To Class: ClassName=EmphaseMainBoard Member=Component C35 Cap Semi
Added Member To Class: ClassName=EmphaseMainBoard Member=Component C36 Cap Semi
Added Member To Class: ClassName=EmphaseMainBoard Member=Component C37 Cap Semi
Added Member To Class: ClassName=EmphaseMainBoard Member=Component C38 Cap Semi
Added Member To Class: ClassName=EmphaseMainBoard Member=Component R23 Res2
Added Member To Class: ClassName=EmphaseMainBoard Member=Component R24 Res2
Added Member To Class: ClassName=EmphaseMainBoard Member=Component R25 Res2
Added Member To Class: ClassName=EmphaseMainBoard Member=Component R26 Res2
Added Member To Class: ClassName=EmphaseMainBoard Member=Component R27 Res2
Added Member To Class: ClassName=EmphaseMainBoard Member=Component R28 Res2
Added Member To Class: ClassName=EmphaseMainBoard Member=Component R29 Res2
Added Member To Class: ClassName=EmphaseMainBoard Member=Component R30 Res2
Added Member To Class: ClassName=EmphaseMainBoard Member=Component R31 Res2
Added Member To Class: ClassName=EmphaseMainBoard Member=Component R32 Res2
Added Member To Class: ClassName=EmphaseMainBoard Member=Component R33 Res2
Added Member To Class: ClassName=EmphaseMainBoard Member=Component R34 Res2
Added Member To Class: ClassName=EmphaseMainBoard Member=Component R35 Res2
Added Member To Class: ClassName=EmphaseMainBoard Member=Component R36 Res2
Added Member To Class: ClassName=EmphaseMainBoard Member=Component R37 Res2
Added Member To Class: ClassName=EmphaseMainBoard Member=Component R38 Res2
