Removed Pin From Net: NetName=V_LCD Pin=R5-1
Removed Pin From Net: NetName=LCD_RW Pin=R5-2
Change Component Designator: OldDesignator=C1 NewDesignator=C7
Change Component Designator: OldDesignator=C2 NewDesignator=C8
Change Component Designator: OldDesignator=C3 NewDesignator=C1
Change Component Designator: OldDesignator=C4 NewDesignator=C2
Change Component Designator: OldDesignator=C5 NewDesignator=C9
Change Component Designator: OldDesignator=C6 NewDesignator=C10
Change Component Designator: OldDesignator=C7 NewDesignator=C3
Change Component Designator: OldDesignator=C8 NewDesignator=C4
Change Component Designator: OldDesignator=C9 NewDesignator=C5
Change Component Designator: OldDesignator=C10 NewDesignator=C6
Change Component Designator: OldDesignator=J1 NewDesignator=J4
Change Component Designator: OldDesignator=J2 NewDesignator=J5
Change Component Designator: OldDesignator=J3 NewDesignator=J1
Change Component Designator: OldDesignator=J4 NewDesignator=J2
Change Component Designator: OldDesignator=J5 NewDesignator=J3
Change Component Designator: OldDesignator=P1 NewDesignator=P7
Change Component Designator: OldDesignator=P2 NewDesignator=P1
Change Component Designator: OldDesignator=P3 NewDesignator=P2
Change Component Designator: OldDesignator=P4 NewDesignator=P9
Change Component Designator: OldDesignator=P5 NewDesignator=P3
Change Component Designator: OldDesignator=P6 NewDesignator=P4
Change Component Designator: OldDesignator=P7 NewDesignator=P5
Change Component Designator: OldDesignator=P8 NewDesignator=P6
Change Component Designator: OldDesignator=P9 NewDesignator=P8
Change Component Designator: OldDesignator=R4 NewDesignator=R10
Change Component Designator: OldDesignator=R5 NewDesignator=R2
Change Component Designator: OldDesignator=R5 NewDesignator=R3
Change Component Designator: OldDesignator=R5 NewDesignator=R4
Change Component Designator: OldDesignator=R5 NewDesignator=R6
Change Component Designator: OldDesignator=R5 NewDesignator=R7
Change Component Designator: OldDesignator=R5 NewDesignator=R8
Change Component Designator: OldDesignator=R5 NewDesignator=R9
Change Component Designator: OldDesignator=R5 NewDesignator=R11
Change Component Designator: OldDesignator=R5 NewDesignator=R19
Change Component Designator: OldDesignator=R5 NewDesignator=R20
Change Component Designator: OldDesignator=R5 NewDesignator=R21
Change Component Designator: OldDesignator=R5 NewDesignator=R22
Change Component Designator: OldDesignator=R6 NewDesignator=R12
Change Component Designator: OldDesignator=R7 NewDesignator=R13
Change Component Designator: OldDesignator=R8 NewDesignator=R14
Change Component Designator: OldDesignator=R9 NewDesignator=R15
Change Component Designator: OldDesignator=R10 NewDesignator=R16
Change Component Designator: OldDesignator=R11 NewDesignator=R17
Change Component Designator: OldDesignator=R12 NewDesignator=R18
Added Pin To Net: NetName=KEY_0 Pin=R2-2
Added Pin To Net: NetName=KEY_1 Pin=R3-2
Added Pin To Net: NetName=KEY_2 Pin=R4-2
Added Pin To Net: NetName=KEY_3 Pin=R5-2
Added Pin To Net: NetName=KEY_4 Pin=R6-2
Added Pin To Net: NetName=KEY_6 Pin=R7-2
Added Pin To Net: NetName=KEY_5 Pin=R8-2
Added Pin To Net: NetName=KEY_7 Pin=R9-2
Added Pin To Net: NetName=V_LCD Pin=R19-1
Added Pin To Net: NetName=LCD_RW Pin=R19-2
Added Pin To Net: NetName=V_LCD Pin=R20-1
Added Pin To Net: NetName=LCD_RS Pin=R20-2
Added Pin To Net: NetName=V_LCD Pin=R21-1
Added Pin To Net: NetName=LCD2_E Pin=R21-2
Added Pin To Net: NetName=V_LCD Pin=R22-1
Added Pin To Net: NetName=LCD1_E Pin=R22-2
Change Net Name : Old Net Name=NetC1_1 New Net Name=NetC7_1
Change Net Name : Old Net Name=NetC5_1 New Net Name=NetC9_1
Change Net Name : Old Net Name=NetC7_2 New Net Name=NetC3_2
Change Net Name : Old Net Name=NetR10_1 New Net Name=NetR16_1
Added Pin To Net: NetName=NetJ3_2 Pin=J3-2
Added Pin To Net: NetName=NetJ3_2 Pin=R2-1
Added Pin To Net: NetName=NetJ3_2 Pin=R3-1
Added Pin To Net: NetName=NetJ3_2 Pin=R4-1
Added Pin To Net: NetName=NetJ3_2 Pin=R5-1
Added Pin To Net: NetName=NetJ3_2 Pin=R6-1
Added Pin To Net: NetName=NetJ3_2 Pin=R7-1
Added Pin To Net: NetName=NetJ3_2 Pin=R8-1
Added Pin To Net: NetName=NetJ3_2 Pin=R9-1
Added Net: Name=NetJ3_2
Added Member To Class: ClassName=EmphaseMainBoard Member=Component R2 Res2
Added Member To Class: ClassName=EmphaseMainBoard Member=Component R3 Res2
Added Member To Class: ClassName=EmphaseMainBoard Member=Component R13 Res2
Added Member To Class: ClassName=EmphaseMainBoard Member=Component R14 Res2
Added Member To Class: ClassName=EmphaseMainBoard Member=Component R15 Contrast
Added Member To Class: ClassName=EmphaseMainBoard Member=Component R16 Res2
Added Member To Class: ClassName=EmphaseMainBoard Member=Component R17 Luminance
Added Member To Class: ClassName=EmphaseMainBoard Member=Component R18 Res2
Added Member To Class: ClassName=EmphaseMainBoard Member=Component R19 Res2
Added Member To Class: ClassName=EmphaseMainBoard Member=Component R20 Res2
Added Member To Class: ClassName=EmphaseMainBoard Member=Component R21 Res2
Added Member To Class: ClassName=EmphaseMainBoard Member=Component R22 Res2
