Removed Pin From Net: NetName=SPI_ADC_IG Pin=U1-11
Removed Pin From Net: NetName=SPI_ADC_OS Pin=U1-12
Removed Pin From Net: NetName=SPI_ADC_OD Pin=U1-13
Removed Pin From Net: NetName=SPI_ADC_CL Pin=U1-14
Removed Pin From Net: NetName=DIO_IG Pin=U1-15
Removed Pin From Net: NetName=DIO_OS Pin=U1-16
Removed Pin From Net: NetName=DIO_OD Pin=U1-17
Removed Pin From Net: NetName=DIO_CL Pin=U1-18
Added Component: Designator=C39(6-0805_N)
Added Component: Designator=C40(6-0805_N)
Added Component: Designator=C41(6-0805_N)
Added Component: Designator=C42(6-0805_N)
Added Component: Designator=C43(6-0805_N)
Added Component: Designator=C44(6-0805_N)
Added Component: Designator=C45(6-0805_N)
Added Component: Designator=C46(6-0805_N)
Added Component: Designator=D6(SOT23-3N)
Added Component: Designator=D7(SOT23-3N)
Added Component: Designator=D8(SOT23-3N)
Added Component: Designator=D9(SOT23-3N)
Added Component: Designator=D10(SOT23-3N)
Added Component: Designator=D11(SOT23-3N)
Added Component: Designator=D12(SOT23-3N)
Added Component: Designator=D13(SOT23-3N)
Added Component: Designator=R39(6-0805)
Added Component: Designator=R40(6-0805)
Added Component: Designator=R41(6-0805)
Added Component: Designator=R42(6-0805)
Added Component: Designator=R43(6-0805)
Added Component: Designator=R44(6-0805)
Added Component: Designator=R45(6-0805)
Added Component: Designator=R46(6-0805)
Added Pin To Net: NetName=GND Pin=C39-1
Added Pin To Net: NetName=DIO_CL Pin=C39-2
Added Pin To Net: NetName=GND Pin=C40-1
Added Pin To Net: NetName=DIO_OD Pin=C40-2
Added Pin To Net: NetName=GND Pin=C41-1
Added Pin To Net: NetName=DIO_OS Pin=C41-2
Added Pin To Net: NetName=GND Pin=C42-1
Added Pin To Net: NetName=DIO_IG Pin=C42-2
Added Pin To Net: NetName=GND Pin=C43-1
Added Pin To Net: NetName=SPI_ADC_CL Pin=C43-2
Added Pin To Net: NetName=GND Pin=C44-1
Added Pin To Net: NetName=SPI_ADC_OD Pin=C44-2
Added Pin To Net: NetName=GND Pin=C45-1
Added Pin To Net: NetName=SPI_ADC_OS Pin=C45-2
Added Pin To Net: NetName=GND Pin=C46-1
Added Pin To Net: NetName=SPI_ADC_IG Pin=C46-2
Added Pin To Net: NetName=3V3 Pin=D6-1
Added Pin To Net: NetName=GND Pin=D6-2
Added Pin To Net: NetName=DIO_CL Pin=D6-3
Added Pin To Net: NetName=3V3 Pin=D7-1
Added Pin To Net: NetName=GND Pin=D7-2
Added Pin To Net: NetName=DIO_OD Pin=D7-3
Added Pin To Net: NetName=3V3 Pin=D8-1
Added Pin To Net: NetName=GND Pin=D8-2
Added Pin To Net: NetName=DIO_OS Pin=D8-3
Added Pin To Net: NetName=3V3 Pin=D9-1
Added Pin To Net: NetName=GND Pin=D9-2
Added Pin To Net: NetName=DIO_IG Pin=D9-3
Added Pin To Net: NetName=3V3 Pin=D10-1
Added Pin To Net: NetName=GND Pin=D10-2
Added Pin To Net: NetName=SPI_ADC_CL Pin=D10-3
Added Pin To Net: NetName=3V3 Pin=D11-1
Added Pin To Net: NetName=GND Pin=D11-2
Added Pin To Net: NetName=SPI_ADC_OD Pin=D11-3
Added Pin To Net: NetName=3V3 Pin=D12-1
Added Pin To Net: NetName=GND Pin=D12-2
Added Pin To Net: NetName=SPI_ADC_OS Pin=D12-3
Added Pin To Net: NetName=3V3 Pin=D13-1
Added Pin To Net: NetName=GND Pin=D13-2
Added Pin To Net: NetName=SPI_ADC_IG Pin=D13-3
Added Pin To Net: NetName=DIO_CL Pin=R39-2
Added Pin To Net: NetName=DIO_OD Pin=R40-2
Added Pin To Net: NetName=DIO_OS Pin=R41-2
Added Pin To Net: NetName=DIO_IG Pin=R42-2
Added Pin To Net: NetName=SPI_ADC_CL Pin=R43-2
Added Pin To Net: NetName=SPI_ADC_OD Pin=R44-2
Added Pin To Net: NetName=SPI_ADC_OS Pin=R45-2
Added Pin To Net: NetName=SPI_ADC_IG Pin=R46-2
Added Pin To Net: NetName=NetR39_1 Pin=R39-1
Added Pin To Net: NetName=NetR39_1 Pin=U1-18
Added Net: Name=NetR39_1
Added Pin To Net: NetName=NetR40_1 Pin=R40-1
Added Pin To Net: NetName=NetR40_1 Pin=U1-17
Added Net: Name=NetR40_1
Added Pin To Net: NetName=NetR41_1 Pin=R41-1
Added Pin To Net: NetName=NetR41_1 Pin=U1-16
Added Net: Name=NetR41_1
Added Pin To Net: NetName=NetR42_1 Pin=R42-1
Added Pin To Net: NetName=NetR42_1 Pin=U1-15
Added Net: Name=NetR42_1
Added Pin To Net: NetName=NetR43_1 Pin=R43-1
Added Pin To Net: NetName=NetR43_1 Pin=U1-14
Added Net: Name=NetR43_1
Added Pin To Net: NetName=NetR44_1 Pin=R44-1
Added Pin To Net: NetName=NetR44_1 Pin=U1-13
Added Net: Name=NetR44_1
Added Pin To Net: NetName=NetR45_1 Pin=R45-1
Added Pin To Net: NetName=NetR45_1 Pin=U1-12
Added Net: Name=NetR45_1
Added Pin To Net: NetName=NetR46_1 Pin=R46-1
Added Pin To Net: NetName=NetR46_1 Pin=U1-11
Added Net: Name=NetR46_1
Added Member To Class: ClassName=EmphaseMainBoard Member=Component C39 Cap Semi
Added Member To Class: ClassName=EmphaseMainBoard Member=Component C40 Cap Semi
Added Member To Class: ClassName=EmphaseMainBoard Member=Component C41 Cap Semi
Added Member To Class: ClassName=EmphaseMainBoard Member=Component C42 Cap Semi
Added Member To Class: ClassName=EmphaseMainBoard Member=Component C43 Cap Semi
Added Member To Class: ClassName=EmphaseMainBoard Member=Component C44 Cap Semi
Added Member To Class: ClassName=EmphaseMainBoard Member=Component C45 Cap Semi
Added Member To Class: ClassName=EmphaseMainBoard Member=Component C46 Cap Semi
Added Member To Class: ClassName=EmphaseMainBoard Member=Component D6 Double Diode
Added Member To Class: ClassName=EmphaseMainBoard Member=Component D7 Double Diode
Added Member To Class: ClassName=EmphaseMainBoard Member=Component D8 Double Diode
Added Member To Class: ClassName=EmphaseMainBoard Member=Component D9 Double Diode
Added Member To Class: ClassName=EmphaseMainBoard Member=Component D10 Double Diode
Added Member To Class: ClassName=EmphaseMainBoard Member=Component D11 Double Diode
Added Member To Class: ClassName=EmphaseMainBoard Member=Component D12 Double Diode
Added Member To Class: ClassName=EmphaseMainBoard Member=Component D13 Double Diode
Added Member To Class: ClassName=EmphaseMainBoard Member=Component R39 Res2
Added Member To Class: ClassName=EmphaseMainBoard Member=Component R40 Res2
Added Member To Class: ClassName=EmphaseMainBoard Member=Component R41 Res2
Added Member To Class: ClassName=EmphaseMainBoard Member=Component R42 Res2
Added Member To Class: ClassName=EmphaseMainBoard Member=Component R43 Res2
Added Member To Class: ClassName=EmphaseMainBoard Member=Component R44 Res2
Added Member To Class: ClassName=EmphaseMainBoard Member=Component R45 Res2
Added Member To Class: ClassName=EmphaseMainBoard Member=Component R46 Res2
