Added Component: Designator=C1(6-0805_N)
Added Component: Designator=C2(6-0805_N)
Added Component: Designator=C3(6-0805_N)
Added Component: Designator=C4(6-0805_N)
Added Component: Designator=C5(6-0805_N)
Added Component: Designator=C6(6-0805_N)
Added Component: Designator=C7(6-0805_N)
Added Component: Designator=C8(6-0805_N)
Added Component: Designator=C9(6-0805_N)
Added Component: Designator=C10(6-0805_N)
Added Component: Designator=C11(6-0805_N)
Added Component: Designator=C12(6-0805_N)
Added Component: Designator=C13(CAPPR3.5-8x20)
Added Component: Designator=C14(CAPPR2.5-6.3x11)
Added Component: Designator=C15(6-0805_N)
Added Component: Designator=C16(6-0805_N)
Added Component: Designator=C17(6-0805_N)
Added Component: Designator=C18(6-0805_N)
Added Component: Designator=C19(CAPPR3.5-8x20)
Added Component: Designator=C20(CAPPR2.5-6.3x11)
Added Component: Designator=C21(6-0805_N)
Added Component: Designator=C22(6-0805_N)
Added Component: Designator=D1(6-0805_M)
Added Component: Designator=D2(6-0805_M)
Added Component: Designator=D3(PCBComponent_1)
Added Component: Designator=D4(6-0805_M)
Added Component: Designator=D5(6-0805_M)
Added Component: Designator=IC1(LPCXpresso1769)
Added Component: Designator=J1(HDR1X3)
Added Component: Designator=J2(HDR1X3)
Added Component: Designator=J3(HDR1X3)
Added Component: Designator=J4(Amphenol RJ45)
Added Component: Designator=J5(HDR1X3)
Added Component: Designator=J6(HDR1X2)
Added Component: Designator=J7(HDR1X2)
Added Component: Designator=J8(HDR1X2)
Added Component: Designator=J9(HDR1X2)
Added Component: Designator=J10(HDR1X3)
Added Component: Designator=J11(HDR1X3)
Added Component: Designator=P1(10 pol Header)
Added Component: Designator=P2(10 pol Header)
Added Component: Designator=P3(10 pol Header)
Added Component: Designator=P4(10 pol Header)
Added Component: Designator=P5(10 pol Header)
Added Component: Designator=P6(Mini USB Socket - Typ B)
Added Component: Designator=P7(10 pol Header)
Added Component: Designator=P8(10 pol Header)
Added Component: Designator=P9(10 pol Header)
Added Component: Designator=P10(LumbergPowerCon)
Added Component: Designator=P11(HDR1X2)
Added Component: Designator=P12(HDR1X2)
Added Component: Designator=P13(16 pol Header)
Added Component: Designator=P14(16 pol Header)
Added Component: Designator=P15(16 pol Header)
Added Component: Designator=P16(16 pol Header)
Added Component: Designator=Q1(TO-226-AA)
Added Component: Designator=R1(6-0805)
Added Component: Designator=R2(EXB38)
Added Component: Designator=R3(EXB38)
Added Component: Designator=R4(6-0805)
Added Component: Designator=R5(6-0805)
Added Component: Designator=R6(6-0805)
Added Component: Designator=R7(6-0805)
Added Component: Designator=R8(6-0805)
Added Component: Designator=R9(MiniPot)
Added Component: Designator=R10(6-0805)
Added Component: Designator=R11(MiniPot)
Added Component: Designator=R12(6-0805)
Added Component: Designator=R13(EXB38)
Added Component: Designator=SW1(SMD Switch)
Added Component: Designator=SW2(SMD Switch)
Added Component: Designator=SW3(SMD Switch)
Added Component: Designator=U1(DW020_N)
Added Component: Designator=U2(D016_M)
Added Component: Designator=U3(SOIC127P1199-24AN)
Added Pin To Net: NetName=3V3 Pin=C3-2
Added Pin To Net: NetName=3V3 Pin=C4-1
Added Pin To Net: NetName=3V3 Pin=C9-2
Added Pin To Net: NetName=3V3 Pin=C10-2
Added Pin To Net: NetName=3V3 Pin=IC1-28
Added Pin To Net: NetName=3V3 Pin=IC1-74
Added Pin To Net: NetName=3V3 Pin=J1-1
Added Pin To Net: NetName=3V3 Pin=J2-1
Added Pin To Net: NetName=3V3 Pin=J3-1
Added Pin To Net: NetName=3V3 Pin=J5-1
Added Pin To Net: NetName=3V3 Pin=J9-2
Added Pin To Net: NetName=3V3 Pin=J10-1
Added Pin To Net: NetName=3V3 Pin=J11-1
Added Pin To Net: NetName=3V3 Pin=P8-10
Added Pin To Net: NetName=3V3 Pin=P9-10
Added Pin To Net: NetName=3V3 Pin=P12-1
Added Pin To Net: NetName=3V3 Pin=R4-1
Added Net: Name=3V3
Added Pin To Net: NetName=5V Pin=J1-3
Added Pin To Net: NetName=5V Pin=J2-3
Added Pin To Net: NetName=5V Pin=J3-3
Added Pin To Net: NetName=5V Pin=J5-3
Added Pin To Net: NetName=5V Pin=J7-2
Added Pin To Net: NetName=5V Pin=J10-3
Added Pin To Net: NetName=5V Pin=J11-3
Added Pin To Net: NetName=5V Pin=P2-1
Added Pin To Net: NetName=5V Pin=P11-1
Added Pin To Net: NetName=5V Pin=P14-1
Added Pin To Net: NetName=5V Pin=P16-1
Added Pin To Net: NetName=5V Pin=R8-2
Added Pin To Net: NetName=5V Pin=R11-CW
Added Net: Name=5V
Added Pin To Net: NetName=ADC_0.0 Pin=IC1-15
Added Pin To Net: NetName=ADC_0.0 Pin=P8-1
Added Net: Name=ADC_0.0
Added Pin To Net: NetName=ADC_0.1 Pin=IC1-16
Added Pin To Net: NetName=ADC_0.1 Pin=P8-3
Added Net: Name=ADC_0.1
Added Pin To Net: NetName=ADC_0.2 Pin=IC1-17
Added Pin To Net: NetName=ADC_0.2 Pin=P8-5
Added Net: Name=ADC_0.2
Added Pin To Net: NetName=ADC_0.3 Pin=IC1-18
Added Pin To Net: NetName=ADC_0.3 Pin=P8-7
Added Net: Name=ADC_0.3
Added Pin To Net: NetName=ADC_0.4 Pin=IC1-19
Added Pin To Net: NetName=ADC_0.4 Pin=P9-1
Added Net: Name=ADC_0.4
Added Pin To Net: NetName=ADC_0.5 Pin=IC1-20
Added Pin To Net: NetName=ADC_0.5 Pin=P9-3
Added Net: Name=ADC_0.5
Added Pin To Net: NetName=ADC_0.6 Pin=IC1-21
Added Pin To Net: NetName=ADC_0.6 Pin=P9-5
Added Net: Name=ADC_0.6
Added Pin To Net: NetName=ADC_0.7 Pin=IC1-22
Added Pin To Net: NetName=ADC_0.7 Pin=P9-7
Added Net: Name=ADC_0.7
Added Pin To Net: NetName=DIO_CL_A Pin=IC1-7
Added Pin To Net: NetName=DIO_CL_A Pin=U1-2
Added Net: Name=DIO_CL_A
Added Pin To Net: NetName=DIO_CL Pin=P5-1
Added Pin To Net: NetName=DIO_CL Pin=U1-18
Added Net: Name=DIO_CL
Added Pin To Net: NetName=DIO_ID Pin=IC1-6
Added Pin To Net: NetName=DIO_ID Pin=P5-5
Added Net: Name=DIO_ID
Added Pin To Net: NetName=DIO_IG_A Pin=IC1-68
Added Pin To Net: NetName=DIO_IG_A Pin=U1-5
Added Net: Name=DIO_IG_A
Added Pin To Net: NetName=DIO_IG Pin=P5-8
Added Pin To Net: NetName=DIO_IG Pin=U1-15
Added Net: Name=DIO_IG
Added Pin To Net: NetName=DIO_OD_A Pin=IC1-5
Added Pin To Net: NetName=DIO_OD_A Pin=U1-3
Added Net: Name=DIO_OD_A
Added Pin To Net: NetName=DIO_OD Pin=P5-3
Added Pin To Net: NetName=DIO_OD Pin=U1-17
Added Net: Name=DIO_OD
Added Pin To Net: NetName=DIO_OS_A Pin=IC1-8
Added Pin To Net: NetName=DIO_OS_A Pin=U1-4
Added Net: Name=DIO_OS_A
Added Pin To Net: NetName=DIO_OS Pin=P5-7
Added Pin To Net: NetName=DIO_OS Pin=U1-16
Added Net: Name=DIO_OS
Added Pin To Net: NetName=ETH_RD_N Pin=IC1-32
Added Pin To Net: NetName=ETH_RD_N Pin=J4-6
Added Net: Name=ETH_RD_N
Added Pin To Net: NetName=ETH_RD_P Pin=IC1-33
Added Pin To Net: NetName=ETH_RD_P Pin=J4-3
Added Net: Name=ETH_RD_P
Added Pin To Net: NetName=ETH_TD_N Pin=IC1-34
Added Pin To Net: NetName=ETH_TD_N Pin=J4-2
Added Net: Name=ETH_TD_N
Added Pin To Net: NetName=ETH_TD_P Pin=IC1-35
Added Pin To Net: NetName=ETH_TD_P Pin=J4-1
Added Net: Name=ETH_TD_P
Added Pin To Net: NetName=GND Pin=C1-2
Added Pin To Net: NetName=GND Pin=C2-1
Added Pin To Net: NetName=GND Pin=C3-1
Added Pin To Net: NetName=GND Pin=C4-2
Added Pin To Net: NetName=GND Pin=C5-2
Added Pin To Net: NetName=GND Pin=C6-1
Added Pin To Net: NetName=GND Pin=C7-1
Added Pin To Net: NetName=GND Pin=C8-1
Added Pin To Net: NetName=GND Pin=C9-1
Added Pin To Net: NetName=GND Pin=C10-1
Added Pin To Net: NetName=GND Pin=C11-1
Added Pin To Net: NetName=GND Pin=C12-1
Added Pin To Net: NetName=GND Pin=C13-2
Added Pin To Net: NetName=GND Pin=C14-2
Added Pin To Net: NetName=GND Pin=C15-1
Added Pin To Net: NetName=GND Pin=C16-2
Added Pin To Net: NetName=GND Pin=C17-1
Added Pin To Net: NetName=GND Pin=C18-1
Added Pin To Net: NetName=GND Pin=C19-2
Added Pin To Net: NetName=GND Pin=C20-2
Added Pin To Net: NetName=GND Pin=C21-1
Added Pin To Net: NetName=GND Pin=C22-1
Added Pin To Net: NetName=GND Pin=D1-2
Added Pin To Net: NetName=GND Pin=D2-2
Added Pin To Net: NetName=GND Pin=D3-2
Added Pin To Net: NetName=GND Pin=D4-2
Added Pin To Net: NetName=GND Pin=D5-2
Added Pin To Net: NetName=GND Pin=IC1-1
Added Pin To Net: NetName=GND Pin=IC1-54
Added Pin To Net: NetName=GND Pin=IC1-81
Added Pin To Net: NetName=GND Pin=P1-9
Added Pin To Net: NetName=GND Pin=P2-3
Added Pin To Net: NetName=GND Pin=P2-5
Added Pin To Net: NetName=GND Pin=P2-9
Added Pin To Net: NetName=GND Pin=P3-1
Added Pin To Net: NetName=GND Pin=P3-3
Added Pin To Net: NetName=GND Pin=P3-5
Added Pin To Net: NetName=GND Pin=P3-7
Added Pin To Net: NetName=GND Pin=P3-9
Added Pin To Net: NetName=GND Pin=P4-9
Added Pin To Net: NetName=GND Pin=P5-2
Added Pin To Net: NetName=GND Pin=P5-4
Added Pin To Net: NetName=GND Pin=P5-6
Added Pin To Net: NetName=GND Pin=P5-9
Added Pin To Net: NetName=GND Pin=P7-2
Added Pin To Net: NetName=GND Pin=P7-4
Added Pin To Net: NetName=GND Pin=P7-6
Added Pin To Net: NetName=GND Pin=P7-9
Added Pin To Net: NetName=GND Pin=P8-2
Added Pin To Net: NetName=GND Pin=P8-4
Added Pin To Net: NetName=GND Pin=P8-6
Added Pin To Net: NetName=GND Pin=P8-8
Added Pin To Net: NetName=GND Pin=P8-9
Added Pin To Net: NetName=GND Pin=P9-2
Added Pin To Net: NetName=GND Pin=P9-4
Added Pin To Net: NetName=GND Pin=P9-6
Added Pin To Net: NetName=GND Pin=P9-8
Added Pin To Net: NetName=GND Pin=P9-9
Added Pin To Net: NetName=GND Pin=P11-2
Added Pin To Net: NetName=GND Pin=P12-2
Added Pin To Net: NetName=GND Pin=P14-15
Added Pin To Net: NetName=GND Pin=P16-15
Added Pin To Net: NetName=GND Pin=Q1-3
Added Pin To Net: NetName=GND Pin=R1-2
Added Pin To Net: NetName=GND Pin=R9-CCW
Added Pin To Net: NetName=GND Pin=R11-CCW
Added Pin To Net: NetName=GND Pin=SW1-1
Added Pin To Net: NetName=GND Pin=SW1-2
Added Pin To Net: NetName=GND Pin=SW2-3
Added Pin To Net: NetName=GND Pin=SW2-4
Added Pin To Net: NetName=GND Pin=SW3-3
Added Pin To Net: NetName=GND Pin=SW3-4
Added Pin To Net: NetName=GND Pin=U1-1
Added Pin To Net: NetName=GND Pin=U1-10
Added Pin To Net: NetName=GND Pin=U1-19
Added Pin To Net: NetName=GND Pin=U2-8
Added Pin To Net: NetName=GND Pin=U3-12
Added Pin To Net: NetName=GND Pin=U3-19
Added Net: Name=GND
Added Pin To Net: NetName=JTAG_RST Pin=IC1-79
Added Pin To Net: NetName=JTAG_RST Pin=P2-10
Added Net: Name=JTAG_RST
Added Pin To Net: NetName=JTAG_RTCK Pin=P2-7
Added Pin To Net: NetName=JTAG_RTCK Pin=R1-1
Added Net: Name=JTAG_RTCK
Added Pin To Net: NetName=JTAG_TCK Pin=IC1-76
Added Pin To Net: NetName=JTAG_TCK Pin=P2-4
Added Net: Name=JTAG_TCK
Added Pin To Net: NetName=JTAG_TDI Pin=IC1-78
Added Pin To Net: NetName=JTAG_TDI Pin=P2-8
Added Net: Name=JTAG_TDI
Added Pin To Net: NetName=JTAG_TDO Pin=IC1-77
Added Pin To Net: NetName=JTAG_TDO Pin=P2-6
Added Net: Name=JTAG_TDO
Added Pin To Net: NetName=JTAG_TMS Pin=IC1-75
Added Pin To Net: NetName=JTAG_TMS Pin=P2-2
Added Net: Name=JTAG_TMS
Added Pin To Net: NetName=KEY_0 Pin=IC1-42
Added Pin To Net: NetName=KEY_0 Pin=P13-2
Added Pin To Net: NetName=KEY_0 Pin=P15-2
Added Pin To Net: NetName=KEY_0 Pin=R2-1
Added Net: Name=KEY_0
Added Pin To Net: NetName=KEY_1 Pin=IC1-43
Added Pin To Net: NetName=KEY_1 Pin=P13-4
Added Pin To Net: NetName=KEY_1 Pin=P15-4
Added Pin To Net: NetName=KEY_1 Pin=R2-2
Added Net: Name=KEY_1
Added Pin To Net: NetName=KEY_2 Pin=IC1-44
Added Pin To Net: NetName=KEY_2 Pin=P13-6
Added Pin To Net: NetName=KEY_2 Pin=P15-6
Added Pin To Net: NetName=KEY_2 Pin=R2-3
Added Net: Name=KEY_2
Added Pin To Net: NetName=KEY_3 Pin=IC1-45
Added Pin To Net: NetName=KEY_3 Pin=P13-8
Added Pin To Net: NetName=KEY_3 Pin=P15-8
Added Pin To Net: NetName=KEY_3 Pin=R2-4
Added Net: Name=KEY_3
Added Pin To Net: NetName=KEY_4 Pin=IC1-46
Added Pin To Net: NetName=KEY_4 Pin=P13-10
Added Pin To Net: NetName=KEY_4 Pin=P15-10
Added Pin To Net: NetName=KEY_4 Pin=R3-1
Added Net: Name=KEY_4
Added Pin To Net: NetName=KEY_5 Pin=IC1-47
Added Pin To Net: NetName=KEY_5 Pin=P13-12
Added Pin To Net: NetName=KEY_5 Pin=P15-12
Added Pin To Net: NetName=KEY_5 Pin=R3-2
Added Net: Name=KEY_5
Added Pin To Net: NetName=KEY_6 Pin=IC1-48
Added Pin To Net: NetName=KEY_6 Pin=P13-14
Added Pin To Net: NetName=KEY_6 Pin=P13-14
Added Pin To Net: NetName=KEY_6 Pin=P15-14
Added Pin To Net: NetName=KEY_6 Pin=P15-14
Added Pin To Net: NetName=KEY_6 Pin=R3-3
Added Net: Name=KEY_6
Added Pin To Net: NetName=KEY_7 Pin=IC1-49
Added Pin To Net: NetName=KEY_7 Pin=R3-4
Added Net: Name=KEY_7
Added Pin To Net: NetName=LCD1_E Pin=IC1-66
Added Pin To Net: NetName=LCD1_E Pin=P14-12
Added Pin To Net: NetName=LCD1_E Pin=R13-4
Added Net: Name=LCD1_E
Added Pin To Net: NetName=LCD2_E Pin=IC1-67
Added Pin To Net: NetName=LCD2_E Pin=P16-12
Added Pin To Net: NetName=LCD2_E Pin=R13-3
Added Net: Name=LCD2_E
Added Pin To Net: NetName=LCD_B- Pin=P14-2
Added Pin To Net: NetName=LCD_B- Pin=P16-2
Added Pin To Net: NetName=LCD_B- Pin=Q1-1
Added Pin To Net: NetName=LCD_B- Pin=R8-1
Added Net: Name=LCD_B-
Added Pin To Net: NetName=LCD_D0 Pin=P14-9
Added Pin To Net: NetName=LCD_D0 Pin=P16-9
Added Pin To Net: NetName=LCD_D0 Pin=U2-15
Added Net: Name=LCD_D0
Added Pin To Net: NetName=LCD_D1 Pin=P14-10
Added Pin To Net: NetName=LCD_D1 Pin=P16-10
Added Pin To Net: NetName=LCD_D1 Pin=U2-1
Added Net: Name=LCD_D1
Added Pin To Net: NetName=LCD_D2 Pin=P14-7
Added Pin To Net: NetName=LCD_D2 Pin=P16-7
Added Pin To Net: NetName=LCD_D2 Pin=U2-2
Added Net: Name=LCD_D2
Added Pin To Net: NetName=LCD_D3 Pin=P14-8
Added Pin To Net: NetName=LCD_D3 Pin=P16-8
Added Pin To Net: NetName=LCD_D3 Pin=U2-3
Added Net: Name=LCD_D3
Added Pin To Net: NetName=LCD_D4 Pin=P14-5
Added Pin To Net: NetName=LCD_D4 Pin=P16-5
Added Pin To Net: NetName=LCD_D4 Pin=U2-4
Added Net: Name=LCD_D4
Added Pin To Net: NetName=LCD_D5 Pin=P14-6
Added Pin To Net: NetName=LCD_D5 Pin=P16-6
Added Pin To Net: NetName=LCD_D5 Pin=U2-5
Added Net: Name=LCD_D5
Added Pin To Net: NetName=LCD_D6 Pin=P14-3
Added Pin To Net: NetName=LCD_D6 Pin=P16-3
Added Pin To Net: NetName=LCD_D6 Pin=U2-6
Added Net: Name=LCD_D6
Added Pin To Net: NetName=LCD_D7 Pin=IC1-56
Added Pin To Net: NetName=LCD_D7 Pin=P14-4
Added Pin To Net: NetName=LCD_D7 Pin=P16-4
Added Pin To Net: NetName=LCD_D7 Pin=U2-7
Added Net: Name=LCD_D7
Added Pin To Net: NetName=LCD_DRIVER_CL Pin=IC1-62
Added Pin To Net: NetName=LCD_DRIVER_CL Pin=U2-11
Added Net: Name=LCD_DRIVER_CL
Added Pin To Net: NetName=LCD_DRIVER_OD Pin=IC1-65
Added Pin To Net: NetName=LCD_DRIVER_OD Pin=U2-14
Added Net: Name=LCD_DRIVER_OD
Added Pin To Net: NetName=LCD_DRIVER_OE Pin=IC1-64
Added Pin To Net: NetName=LCD_DRIVER_OE Pin=U2-13
Added Net: Name=LCD_DRIVER_OE
Added Pin To Net: NetName=LCD_DRIVER_OS Pin=IC1-63
Added Pin To Net: NetName=LCD_DRIVER_OS Pin=U2-12
Added Net: Name=LCD_DRIVER_OS
Added Pin To Net: NetName=LCD_RS Pin=P14-14
Added Pin To Net: NetName=LCD_RS Pin=P14-14
Added Pin To Net: NetName=LCD_RS Pin=P16-14
Added Pin To Net: NetName=LCD_RS Pin=P16-14
Added Pin To Net: NetName=LCD_RS Pin=R13-2
Added Net: Name=LCD_RS
Added Pin To Net: NetName=LCD_RW Pin=P14-11
Added Pin To Net: NetName=LCD_RW Pin=P16-11
Added Pin To Net: NetName=LCD_RW Pin=R13-1
Added Net: Name=LCD_RW
Added Pin To Net: NetName=LCD_V0 Pin=P14-13
Added Pin To Net: NetName=LCD_V0 Pin=P16-13
Added Pin To Net: NetName=LCD_V0 Pin=R9-W
Added Net: Name=LCD_V0
Added Pin To Net: NetName=LINE_A Pin=IC1-57
Added Pin To Net: NetName=LINE_A Pin=U3-23
Added Net: Name=LINE_A
Added Pin To Net: NetName=LINE_B Pin=IC1-58
Added Pin To Net: NetName=LINE_B Pin=U3-22
Added Net: Name=LINE_B
Added Pin To Net: NetName=LINE_C Pin=IC1-59
Added Pin To Net: NetName=LINE_C Pin=U3-21
Added Net: Name=LINE_C
Added Pin To Net: NetName=LINE_D Pin=IC1-60
Added Pin To Net: NetName=LINE_D Pin=U3-20
Added Net: Name=LINE_D
Added Pin To Net: NetName=LINE_EN/DIS Pin=IC1-55
Added Pin To Net: NetName=LINE_EN/DIS Pin=U3-18
Added Net: Name=LINE_EN/DIS
Added Pin To Net: NetName=NetC1_1 Pin=C1-1
Added Pin To Net: NetName=NetC1_1 Pin=C2-2
Added Pin To Net: NetName=NetC1_1 Pin=J1-2
Added Pin To Net: NetName=NetC1_1 Pin=P1-10
Added Net: Name=NetC1_1
Added Pin To Net: NetName=NetC5_1 Pin=C5-1
Added Pin To Net: NetName=NetC5_1 Pin=C6-2
Added Pin To Net: NetName=NetC5_1 Pin=J2-2
Added Pin To Net: NetName=NetC5_1 Pin=P4-10
Added Net: Name=NetC5_1
Added Pin To Net: NetName=NetC7_2 Pin=C7-2
Added Pin To Net: NetName=NetC7_2 Pin=C8-2
Added Pin To Net: NetName=NetC7_2 Pin=J3-2
Added Pin To Net: NetName=NetC7_2 Pin=P5-10
Added Pin To Net: NetName=NetC7_2 Pin=P7-10
Added Pin To Net: NetName=NetC7_2 Pin=U1-20
Added Net: Name=NetC7_2
Added Pin To Net: NetName=NetC11_2 Pin=C11-2
Added Pin To Net: NetName=NetC11_2 Pin=C13-1
Added Pin To Net: NetName=NetC11_2 Pin=J6-2
Added Net: Name=NetC11_2
Added Pin To Net: NetName=NetC12_2 Pin=C12-2
Added Pin To Net: NetName=NetC12_2 Pin=C14-1
Added Pin To Net: NetName=NetC12_2 Pin=J7-1
Added Pin To Net: NetName=NetC12_2 Pin=R7-2
Added Net: Name=NetC12_2
Added Pin To Net: NetName=NetC15_2 Pin=C15-2
Added Pin To Net: NetName=NetC15_2 Pin=C16-1
Added Pin To Net: NetName=NetC15_2 Pin=J10-2
Added Pin To Net: NetName=NetC15_2 Pin=U3-24
Added Net: Name=NetC15_2
Added Pin To Net: NetName=NetC17_2 Pin=C17-2
Added Pin To Net: NetName=NetC17_2 Pin=C19-1
Added Pin To Net: NetName=NetC17_2 Pin=J8-2
Added Net: Name=NetC17_2
Added Pin To Net: NetName=NetC18_2 Pin=C18-2
Added Pin To Net: NetName=NetC18_2 Pin=C20-1
Added Pin To Net: NetName=NetC18_2 Pin=J9-1
Added Pin To Net: NetName=NetC18_2 Pin=R12-2
Added Net: Name=NetC18_2
Added Pin To Net: NetName=NetD1_1 Pin=D1-1
Added Pin To Net: NetName=NetD1_1 Pin=R5-1
Added Net: Name=NetD1_1
Added Pin To Net: NetName=NetD2_1 Pin=D2-1
Added Pin To Net: NetName=NetD2_1 Pin=R6-1
Added Net: Name=NetD2_1
Added Pin To Net: NetName=NetD3_1 Pin=D3-1
Added Pin To Net: NetName=NetD3_1 Pin=J6-1
Added Pin To Net: NetName=NetD3_1 Pin=J8-1
Added Net: Name=NetD3_1
Added Pin To Net: NetName=NetD3_3 Pin=D3-3
Added Pin To Net: NetName=NetD3_3 Pin=P10-2
Added Net: Name=NetD3_3
Added Pin To Net: NetName=NetD3_4 Pin=D3-4
Added Pin To Net: NetName=NetD3_4 Pin=P10-1
Added Net: Name=NetD3_4
Added Pin To Net: NetName=NetD4_1 Pin=D4-1
Added Pin To Net: NetName=NetD4_1 Pin=R7-1
Added Net: Name=NetD4_1
Added Pin To Net: NetName=NetD5_1 Pin=D5-1
Added Pin To Net: NetName=NetD5_1 Pin=R12-1
Added Net: Name=NetD5_1
Added Pin To Net: NetName=NetIC1_4 Pin=IC1-4
Added Pin To Net: NetName=NetIC1_4 Pin=SW1-3
Added Pin To Net: NetName=NetIC1_4 Pin=SW1-4
Added Net: Name=NetIC1_4
Added Pin To Net: NetName=NetIC1_51 Pin=IC1-51
Added Pin To Net: NetName=NetIC1_51 Pin=SW2-1
Added Pin To Net: NetName=NetIC1_51 Pin=SW2-2
Added Net: Name=NetIC1_51
Added Pin To Net: NetName=NetIC1_71 Pin=IC1-71
Added Pin To Net: NetName=NetIC1_71 Pin=R6-2
Added Net: Name=NetIC1_71
Added Pin To Net: NetName=NetIC1_72 Pin=IC1-72
Added Pin To Net: NetName=NetIC1_72 Pin=R5-2
Added Net: Name=NetIC1_72
Added Pin To Net: NetName=NetIC1_73 Pin=IC1-73
Added Pin To Net: NetName=NetIC1_73 Pin=R4-2
Added Pin To Net: NetName=NetIC1_73 Pin=SW3-1
Added Pin To Net: NetName=NetIC1_73 Pin=SW3-2
Added Net: Name=NetIC1_73
Added Pin To Net: NetName=NetJ5_2 Pin=J5-2
Added Pin To Net: NetName=NetJ5_2 Pin=R2-5
Added Pin To Net: NetName=NetJ5_2 Pin=R2-6
Added Pin To Net: NetName=NetJ5_2 Pin=R2-7
Added Pin To Net: NetName=NetJ5_2 Pin=R2-8
Added Pin To Net: NetName=NetJ5_2 Pin=R3-5
Added Pin To Net: NetName=NetJ5_2 Pin=R3-6
Added Pin To Net: NetName=NetJ5_2 Pin=R3-7
Added Pin To Net: NetName=NetJ5_2 Pin=R3-8
Added Net: Name=NetJ5_2
Added Pin To Net: NetName=NetP13_1 Pin=P13-1
Added Pin To Net: NetName=NetP13_1 Pin=U3-1
Added Net: Name=NetP13_1
Added Pin To Net: NetName=NetP13_3 Pin=P13-3
Added Pin To Net: NetName=NetP13_3 Pin=U3-2
Added Net: Name=NetP13_3
Added Pin To Net: NetName=NetP13_5 Pin=P13-5
Added Pin To Net: NetName=NetP13_5 Pin=U3-3
Added Net: Name=NetP13_5
Added Pin To Net: NetName=NetP13_7 Pin=P13-7
Added Pin To Net: NetName=NetP13_7 Pin=U3-4
Added Net: Name=NetP13_7
Added Pin To Net: NetName=NetP13_9 Pin=P13-9
Added Pin To Net: NetName=NetP13_9 Pin=U3-5
Added Net: Name=NetP13_9
Added Pin To Net: NetName=NetP13_11 Pin=P13-11
Added Pin To Net: NetName=NetP13_11 Pin=U3-6
Added Net: Name=NetP13_11
Added Pin To Net: NetName=NetP13_13 Pin=P13-13
Added Pin To Net: NetName=NetP13_13 Pin=U3-7
Added Net: Name=NetP13_13
Added Pin To Net: NetName=NetP13_15 Pin=P13-15
Added Pin To Net: NetName=NetP13_15 Pin=U3-8
Added Net: Name=NetP13_15
Added Pin To Net: NetName=NetP15_1 Pin=P15-1
Added Pin To Net: NetName=NetP15_1 Pin=U3-9
Added Net: Name=NetP15_1
Added Pin To Net: NetName=NetP15_3 Pin=P15-3
Added Pin To Net: NetName=NetP15_3 Pin=U3-10
Added Net: Name=NetP15_3
Added Pin To Net: NetName=NetP15_5 Pin=P15-5
Added Pin To Net: NetName=NetP15_5 Pin=U3-11
Added Net: Name=NetP15_5
Added Pin To Net: NetName=NetP15_7 Pin=P15-7
Added Pin To Net: NetName=NetP15_7 Pin=U3-13
Added Net: Name=NetP15_7
Added Pin To Net: NetName=NetP15_9 Pin=P15-9
Added Pin To Net: NetName=NetP15_9 Pin=U3-14
Added Net: Name=NetP15_9
Added Pin To Net: NetName=NetP15_11 Pin=P15-11
Added Pin To Net: NetName=NetP15_11 Pin=U3-15
Added Net: Name=NetP15_11
Added Pin To Net: NetName=NetP15_13 Pin=P15-13
Added Pin To Net: NetName=NetP15_13 Pin=U3-16
Added Net: Name=NetP15_13
Added Pin To Net: NetName=NetP15_15 Pin=P15-15
Added Pin To Net: NetName=NetP15_15 Pin=U3-17
Added Net: Name=NetP15_15
Added Pin To Net: NetName=NetQ1_2 Pin=Q1-2
Added Pin To Net: NetName=NetQ1_2 Pin=R10-2
Added Net: Name=NetQ1_2
Added Pin To Net: NetName=NetR10_1 Pin=R10-1
Added Pin To Net: NetName=NetR10_1 Pin=R11-W
Added Net: Name=NetR10_1
Added Pin To Net: NetName=RXD2 Pin=IC1-41
Added Pin To Net: NetName=RXD2 Pin=P3-4
Added Net: Name=RXD2
Added Pin To Net: NetName=RXD3 Pin=IC1-10
Added Pin To Net: NetName=RXD3 Pin=P3-8
Added Net: Name=RXD3
Added Pin To Net: NetName=SPARE_P0.4 Pin=IC1-38
Added Pin To Net: NetName=SPARE_P0.4 Pin=P1-1
Added Net: Name=SPARE_P0.4
Added Pin To Net: NetName=SPARE_P0.5 Pin=IC1-39
Added Pin To Net: NetName=SPARE_P0.5 Pin=P1-2
Added Net: Name=SPARE_P0.5
Added Pin To Net: NetName=SPARE_P0.22 Pin=IC1-24
Added Pin To Net: NetName=SPARE_P0.22 Pin=P1-3
Added Net: Name=SPARE_P0.22
Added Pin To Net: NetName=SPARE_P0.27 Pin=IC1-25
Added Pin To Net: NetName=SPARE_P0.27 Pin=P1-4
Added Net: Name=SPARE_P0.27
Added Pin To Net: NetName=SPARE_P0.28 Pin=IC1-26
Added Pin To Net: NetName=SPARE_P0.28 Pin=P1-5
Added Net: Name=SPARE_P0.28
Added Pin To Net: NetName=SPARE_P1.24 Pin=IC1-61
Added Pin To Net: NetName=SPARE_P1.24 Pin=P4-5
Added Net: Name=SPARE_P1.24
Added Pin To Net: NetName=SPARE_P2.8 Pin=IC1-50
Added Pin To Net: NetName=SPARE_P2.8 Pin=P4-1
Added Net: Name=SPARE_P2.8
Added Pin To Net: NetName=SPARE_P2.11 Pin=IC1-52
Added Pin To Net: NetName=SPARE_P2.11 Pin=P4-2
Added Net: Name=SPARE_P2.11
Added Pin To Net: NetName=SPARE_P2.12 Pin=IC1-53
Added Pin To Net: NetName=SPARE_P2.12 Pin=P4-3
Added Net: Name=SPARE_P2.12
Added Pin To Net: NetName=SPARE_P2.13 Pin=IC1-27
Added Pin To Net: NetName=SPARE_P2.13 Pin=P4-4
Added Net: Name=SPARE_P2.13
Added Pin To Net: NetName=SPARE_P4.28 Pin=IC1-69
Added Pin To Net: NetName=SPARE_P4.28 Pin=P4-6
Added Net: Name=SPARE_P4.28
Added Pin To Net: NetName=SPARE_P4.29 Pin=IC1-70
Added Pin To Net: NetName=SPARE_P4.29 Pin=P4-7
Added Net: Name=SPARE_P4.29
Added Pin To Net: NetName=SPI_ADC_CL_A Pin=IC1-13
Added Pin To Net: NetName=SPI_ADC_CL_A Pin=U1-6
Added Net: Name=SPI_ADC_CL_A
Added Pin To Net: NetName=SPI_ADC_CL Pin=P7-1
Added Pin To Net: NetName=SPI_ADC_CL Pin=U1-14
Added Net: Name=SPI_ADC_CL
Added Pin To Net: NetName=SPI_ADC_ID Pin=IC1-12
Added Pin To Net: NetName=SPI_ADC_ID Pin=P7-5
Added Net: Name=SPI_ADC_ID
Added Pin To Net: NetName=SPI_ADC_IG_A Pin=IC1-23
Added Pin To Net: NetName=SPI_ADC_IG_A Pin=U1-9
Added Net: Name=SPI_ADC_IG_A
Added Pin To Net: NetName=SPI_ADC_IG Pin=P7-8
Added Pin To Net: NetName=SPI_ADC_IG Pin=U1-11
Added Net: Name=SPI_ADC_IG
Added Pin To Net: NetName=SPI_ADC_OD_A Pin=IC1-11
Added Pin To Net: NetName=SPI_ADC_OD_A Pin=U1-7
Added Net: Name=SPI_ADC_OD_A
Added Pin To Net: NetName=SPI_ADC_OD Pin=P7-3
Added Pin To Net: NetName=SPI_ADC_OD Pin=U1-13
Added Net: Name=SPI_ADC_OD
Added Pin To Net: NetName=SPI_ADC_OS_A Pin=IC1-14
Added Pin To Net: NetName=SPI_ADC_OS_A Pin=U1-8
Added Net: Name=SPI_ADC_OS_A
Added Pin To Net: NetName=SPI_ADC_OS Pin=P7-7
Added Pin To Net: NetName=SPI_ADC_OS Pin=U1-12
Added Net: Name=SPI_ADC_OS
Added Pin To Net: NetName=TXD2 Pin=IC1-40
Added Pin To Net: NetName=TXD2 Pin=P3-2
Added Net: Name=TXD2
Added Pin To Net: NetName=TXD3 Pin=IC1-9
Added Pin To Net: NetName=TXD3 Pin=P3-6
Added Net: Name=TXD3
Added Pin To Net: NetName=USB_D_N Pin=IC1-36
Added Pin To Net: NetName=USB_D_N Pin=P6-2
Added Net: Name=USB_D_N
Added Pin To Net: NetName=USB_D_P Pin=IC1-37
Added Pin To Net: NetName=USB_D_P Pin=P6-3
Added Net: Name=USB_D_P
Added Pin To Net: NetName=V_LCD Pin=C21-2
Added Pin To Net: NetName=V_LCD Pin=C22-2
Added Pin To Net: NetName=V_LCD Pin=J11-2
Added Pin To Net: NetName=V_LCD Pin=R9-CW
Added Pin To Net: NetName=V_LCD Pin=R13-5
Added Pin To Net: NetName=V_LCD Pin=R13-6
Added Pin To Net: NetName=V_LCD Pin=R13-7
Added Pin To Net: NetName=V_LCD Pin=R13-8
Added Pin To Net: NetName=V_LCD Pin=U2-10
Added Pin To Net: NetName=V_LCD Pin=U2-16
Added Net: Name=V_LCD
Added Class: Name=EmphaseMainBoard
Added Class: Name=ADC_0.[0..7]
Added Class: Name=LCD_D[0..7]
Added Differential Pair: Name=ETH_RD
Added Differential Pair: Name=ETH_TD
Added Differential Pair: Name=USB_D
Added Room: Name=EmphaseMainBoard
