Replace Part C1 Cap Pol1 in E:\Projekte\PCBs\EmphaseMainBoard\EmphaseMainBoard.SchDoc with Cap Pol1 from Miscellaneous Devices.IntLib
Replace Part C2 Cap Semi in E:\Projekte\PCBs\EmphaseMainBoard\EmphaseMainBoard.SchDoc with Cap Semi from Miscellaneous Devices.IntLib
Replace Part C3 Cap Pol1 in E:\Projekte\PCBs\EmphaseMainBoard\EmphaseMainBoard.SchDoc with Cap Pol1 from Miscellaneous Devices.IntLib
Replace Part C4 Cap Semi in E:\Projekte\PCBs\EmphaseMainBoard\EmphaseMainBoard.SchDoc with Cap Semi from Miscellaneous Devices.IntLib
Replace Part C5 Cap Semi in E:\Projekte\PCBs\EmphaseMainBoard\EmphaseMainBoard.SchDoc with Cap Semi from Miscellaneous Devices.IntLib
Replace Part C6 Cap Semi in E:\Projekte\PCBs\EmphaseMainBoard\EmphaseMainBoard.SchDoc with Cap Semi from Miscellaneous Devices.IntLib
Replace Part C7 Cap Semi in E:\Projekte\PCBs\EmphaseMainBoard\EmphaseMainBoard.SchDoc with Cap Semi from Miscellaneous Devices.IntLib
Replace Part C8 Cap Pol1 in E:\Projekte\PCBs\EmphaseMainBoard\EmphaseMainBoard.SchDoc with Cap Pol1 from Miscellaneous Devices.IntLib
Replace Part C9 Cap Semi in E:\Projekte\PCBs\EmphaseMainBoard\EmphaseMainBoard.SchDoc with Cap Semi from Miscellaneous Devices.IntLib
Replace Part C10 Cap Semi in E:\Projekte\PCBs\EmphaseMainBoard\EmphaseMainBoard.SchDoc with Cap Semi from Miscellaneous Devices.IntLib
Replace Part C11 Cap Semi in E:\Projekte\PCBs\EmphaseMainBoard\EmphaseMainBoard.SchDoc with Cap Semi from Miscellaneous Devices.IntLib
Replace Part C12 Cap Semi in E:\Projekte\PCBs\EmphaseMainBoard\EmphaseMainBoard.SchDoc with Cap Semi from Miscellaneous Devices.IntLib
Replace Part C13 Cap Pol1 in E:\Projekte\PCBs\EmphaseMainBoard\EmphaseMainBoard.SchDoc with Cap Pol1 from Miscellaneous Devices.IntLib
Replace Part C14 Cap Pol1 in E:\Projekte\PCBs\EmphaseMainBoard\EmphaseMainBoard.SchDoc with Cap Pol1 from Miscellaneous Devices.IntLib
Replace Part C15 Cap Semi in E:\Projekte\PCBs\EmphaseMainBoard\EmphaseMainBoard.SchDoc with Cap Semi from Miscellaneous Devices.IntLib
Replace Part C16 Cap Pol1 in E:\Projekte\PCBs\EmphaseMainBoard\EmphaseMainBoard.SchDoc with Cap Pol1 from Miscellaneous Devices.IntLib
Replace Part C17 Cap Semi in E:\Projekte\PCBs\EmphaseMainBoard\EmphaseMainBoard.SchDoc with Cap Semi from Miscellaneous Devices.IntLib
Replace Part C18 Cap Semi in E:\Projekte\PCBs\EmphaseMainBoard\EmphaseMainBoard.SchDoc with Cap Semi from Miscellaneous Devices.IntLib
Replace Part C19 Cap Pol1 in E:\Projekte\PCBs\EmphaseMainBoard\EmphaseMainBoard.SchDoc with Cap Pol1 from Miscellaneous Devices.IntLib
Replace Part C20 Cap Pol1 in E:\Projekte\PCBs\EmphaseMainBoard\EmphaseMainBoard.SchDoc with Cap Pol1 from Miscellaneous Devices.IntLib
Replace Part C21 Cap Semi in E:\Projekte\PCBs\EmphaseMainBoard\EmphaseMainBoard.SchDoc with Cap Semi from Miscellaneous Devices.IntLib
Replace Part C22 Cap Semi in E:\Projekte\PCBs\EmphaseMainBoard\EmphaseMainBoard.SchDoc with Cap Semi from Miscellaneous Devices.IntLib
Replace Part D1 LED3 in E:\Projekte\PCBs\EmphaseMainBoard\EmphaseMainBoard.SchDoc with LED3 from Miscellaneous Devices.IntLib
Replace Part D2 LED3 in E:\Projekte\PCBs\EmphaseMainBoard\EmphaseMainBoard.SchDoc with LED3 from Miscellaneous Devices.IntLib
Replace Part D3 LED3 in E:\Projekte\PCBs\EmphaseMainBoard\EmphaseMainBoard.SchDoc with LED3 from Miscellaneous Devices.IntLib
Replace Part D4 LED3 in E:\Projekte\PCBs\EmphaseMainBoard\EmphaseMainBoard.SchDoc with LED3 from Miscellaneous Devices.IntLib
Replace Part J1 Header 3 in E:\Projekte\PCBs\EmphaseMainBoard\EmphaseMainBoard.SchDoc with Header 3 from Miscellaneous Connectors.IntLib
Replace Part J2 43202-8919 in E:\Projekte\PCBs\EmphaseMainBoard\EmphaseMainBoard.SchDoc with 43202-8919 from Molex Modular Jack Right Angle.IntLib
Replace Part J4 Header 3 in E:\Projekte\PCBs\EmphaseMainBoard\EmphaseMainBoard.SchDoc with Header 3 from Miscellaneous Connectors.IntLib
Replace Part J5 Header 3 in E:\Projekte\PCBs\EmphaseMainBoard\EmphaseMainBoard.SchDoc with Header 3 from Miscellaneous Connectors.IntLib
Replace Part J6 Header 3 in E:\Projekte\PCBs\EmphaseMainBoard\EmphaseMainBoard.SchDoc with Header 3 from Miscellaneous Connectors.IntLib
Replace Part J7 Header 3 in E:\Projekte\PCBs\EmphaseMainBoard\EmphaseMainBoard.SchDoc with Header 3 from Miscellaneous Connectors.IntLib
Replace Part J8 Header 3 in E:\Projekte\PCBs\EmphaseMainBoard\EmphaseMainBoard.SchDoc with Header 3 from Miscellaneous Connectors.IntLib
Replace Part P1 10 pol Header in E:\Projekte\PCBs\EmphaseMainBoard\EmphaseMainBoard.SchDoc with 10 pol Header from 10polHeader.SchLib
Replace Part P2 10 pol Header in E:\Projekte\PCBs\EmphaseMainBoard\EmphaseMainBoard.SchDoc with 10 pol Header from 10polHeader.SchLib
Replace Part P3 10 pol Header in E:\Projekte\PCBs\EmphaseMainBoard\EmphaseMainBoard.SchDoc with 10 pol Header from 10polHeader.SchLib
Replace Part P4 10 pol Header in E:\Projekte\PCBs\EmphaseMainBoard\EmphaseMainBoard.SchDoc with 10 pol Header from 10polHeader.SchLib
Replace Part P5 10 pol Header in E:\Projekte\PCBs\EmphaseMainBoard\EmphaseMainBoard.SchDoc with 10 pol Header from 10polHeader.SchLib
Replace Part P6 10 pol Header in E:\Projekte\PCBs\EmphaseMainBoard\EmphaseMainBoard.SchDoc with 10 pol Header from 10polHeader.SchLib
Replace Part P7 10 pol Header in E:\Projekte\PCBs\EmphaseMainBoard\EmphaseMainBoard.SchDoc with 10 pol Header from 10polHeader.SchLib
Replace Part P8 10 pol Header in E:\Projekte\PCBs\EmphaseMainBoard\EmphaseMainBoard.SchDoc with 10 pol Header from 10polHeader.SchLib
Replace Part P9 Header 2 in E:\Projekte\PCBs\EmphaseMainBoard\EmphaseMainBoard.SchDoc with Header 2 from Miscellaneous Connectors.IntLib
Replace Part P10 Header 2 in E:\Projekte\PCBs\EmphaseMainBoard\EmphaseMainBoard.SchDoc with Header 2 from Miscellaneous Connectors.IntLib
Replace Part P11 Header 2 in E:\Projekte\PCBs\EmphaseMainBoard\EmphaseMainBoard.SchDoc with Header 2 from Miscellaneous Connectors.IntLib
Replace Part P12 16 pol Header in E:\Projekte\PCBs\EmphaseMainBoard\EmphaseMainBoard.SchDoc with 16 pol Header from 16polHeader.SchLib
Replace Part P13 16 pol Header in E:\Projekte\PCBs\EmphaseMainBoard\EmphaseMainBoard.SchDoc with 16 pol Header from 16polHeader.SchLib
Replace Part P14 16 pol Header in E:\Projekte\PCBs\EmphaseMainBoard\EmphaseMainBoard.SchDoc with 16 pol Header from 16polHeader.SchLib
Replace Part P15 16 pol Header in E:\Projekte\PCBs\EmphaseMainBoard\EmphaseMainBoard.SchDoc with 16 pol Header from 16polHeader.SchLib
Replace Part Q1 NPN in E:\Projekte\PCBs\EmphaseMainBoard\EmphaseMainBoard.SchDoc with NPN from Miscellaneous Devices.IntLib
Replace Part R1 Res2 in E:\Projekte\PCBs\EmphaseMainBoard\EmphaseMainBoard.SchDoc with Res2 from Miscellaneous Devices.IntLib
Replace Part R2 4 Resistors Parallel in E:\Projekte\PCBs\EmphaseMainBoard\EmphaseMainBoard.SchDoc with 4 Resistors Parallel from Panasonic Resistor Array.SchLib
Replace Part R3 4 Resistors Parallel in E:\Projekte\PCBs\EmphaseMainBoard\EmphaseMainBoard.SchDoc with 4 Resistors Parallel from Panasonic Resistor Array.SchLib
Replace Part R4 Res2 in E:\Projekte\PCBs\EmphaseMainBoard\EmphaseMainBoard.SchDoc with Res2 from Miscellaneous Devices.IntLib
Replace Part R5 Res2 in E:\Projekte\PCBs\EmphaseMainBoard\EmphaseMainBoard.SchDoc with Res2 from Miscellaneous Devices.IntLib
Replace Part R6 Res2 in E:\Projekte\PCBs\EmphaseMainBoard\EmphaseMainBoard.SchDoc with Res2 from Miscellaneous Devices.IntLib
Replace Part R7 Res2 in E:\Projekte\PCBs\EmphaseMainBoard\EmphaseMainBoard.SchDoc with Res2 from Miscellaneous Devices.IntLib
Replace Part R8 Res2 in E:\Projekte\PCBs\EmphaseMainBoard\EmphaseMainBoard.SchDoc with Res2 from Miscellaneous Devices.IntLib
Replace Part R9 RPot SM in E:\Projekte\PCBs\EmphaseMainBoard\EmphaseMainBoard.SchDoc with RPot SM from Miscellaneous Devices.IntLib
Replace Part R10 Res2 in E:\Projekte\PCBs\EmphaseMainBoard\EmphaseMainBoard.SchDoc with Res2 from Miscellaneous Devices.IntLib
Replace Part R11 RPot SM in E:\Projekte\PCBs\EmphaseMainBoard\EmphaseMainBoard.SchDoc with RPot SM from Miscellaneous Devices.IntLib
Replace Part R12 Res2 in E:\Projekte\PCBs\EmphaseMainBoard\EmphaseMainBoard.SchDoc with Res2 from Miscellaneous Devices.IntLib
Replace Part R13 4 Resistors Parallel in E:\Projekte\PCBs\EmphaseMainBoard\EmphaseMainBoard.SchDoc with 4 Resistors Parallel from Panasonic Resistor Array.SchLib
Replace Part S1 SW-PB in E:\Projekte\PCBs\EmphaseMainBoard\EmphaseMainBoard.SchDoc with SW-PB from Miscellaneous Devices.IntLib
Replace Part S2 SW-PB in E:\Projekte\PCBs\EmphaseMainBoard\EmphaseMainBoard.SchDoc with SW-PB from Miscellaneous Devices.IntLib
Replace Part S3 SW-PB in E:\Projekte\PCBs\EmphaseMainBoard\EmphaseMainBoard.SchDoc with SW-PB from Miscellaneous Devices.IntLib
Replace Part U1 SN74HC541DW in E:\Projekte\PCBs\EmphaseMainBoard\EmphaseMainBoard.SchDoc with SN74HC541DW from TI Logic Buffer Line Driver.IntLib
Replace Part U2 SN74HC595D in E:\Projekte\PCBs\EmphaseMainBoard\EmphaseMainBoard.SchDoc with SN74HC595D from TI Logic Register.IntLib
Replace Part U3 SN74HC154DW in E:\Projekte\PCBs\EmphaseMainBoard\EmphaseMainBoard.SchDoc with SN74HC154DW from TI Logic Decoder Demux.IntLib
Replace Part VR1 Volt Reg in E:\Projekte\PCBs\EmphaseMainBoard\EmphaseMainBoard.SchDoc with Volt Reg from Miscellaneous Devices.IntLib
Replace Part VR2 Volt Reg in E:\Projekte\PCBs\EmphaseMainBoard\EmphaseMainBoard.SchDoc with Volt Reg from Miscellaneous Devices.IntLib
Replace Part VR? Voltage Regulator in E:\Projekte\PCBs\EmphaseMainBoard\EmphaseMainBoard.SchDoc with Voltage Regulator from NX1117 VoltageRegulator.SchLib
Replace Part W1 Jumper in E:\Projekte\PCBs\EmphaseMainBoard\EmphaseMainBoard.SchDoc with Jumper from Miscellaneous Devices.IntLib
Replace Part W2 Jumper in E:\Projekte\PCBs\EmphaseMainBoard\EmphaseMainBoard.SchDoc with Jumper from Miscellaneous Devices.IntLib
