Added Component: Designator=P?(HDR2X8)
Added Component: Designator=R0(6-0805_M)
Added Component: Designator=R1(6-0805_M)
Added Component: Designator=R2(6-0805_M)
Added Component: Designator=R3(6-0805_M)
Added Component: Designator=R4(6-0805_M)
Added Component: Designator=R5(6-0805_M)
Added Component: Designator=R6(6-0805_M)
Added Component: Designator=R7(6-0805_M)
Added Component: Designator=(10 pol Header tilted)
Added Pin To Net: NetName=GND Pin=-9
Added Net: Name=GND
Added Pin To Net: NetName=NetP?_2 Pin=P?-2
Added Pin To Net: NetName=NetP?_2 Pin=R0-2
Added Net: Name=NetP?_2
Added Pin To Net: NetName=NetP?_4 Pin=P?-4
Added Pin To Net: NetName=NetP?_4 Pin=R1-2
Added Net: Name=NetP?_4
Added Pin To Net: NetName=NetP?_6 Pin=P?-6
Added Pin To Net: NetName=NetP?_6 Pin=R2-2
Added Net: Name=NetP?_6
Added Pin To Net: NetName=NetP?_8 Pin=P?-8
Added Pin To Net: NetName=NetP?_8 Pin=R3-2
Added Net: Name=NetP?_8
Added Pin To Net: NetName=NetP?_10 Pin=P?-10
Added Pin To Net: NetName=NetP?_10 Pin=R4-2
Added Net: Name=NetP?_10
Added Pin To Net: NetName=NetP?_12 Pin=P?-12
Added Pin To Net: NetName=NetP?_12 Pin=R5-2
Added Net: Name=NetP?_12
Added Pin To Net: NetName=NetP?_14 Pin=P?-14
Added Pin To Net: NetName=NetP?_14 Pin=R6-2
Added Net: Name=NetP?_14
Added Pin To Net: NetName=NetP?_16 Pin=P?-16
Added Pin To Net: NetName=NetP?_16 Pin=R7-2
Added Net: Name=NetP?_16
Added Net: Name=NetSW0_1
Added Pin To Net: NetName=S0 Pin=-1
Added Pin To Net: NetName=S0 Pin=P?-1
Added Net: Name=S0
Added Pin To Net: NetName=S1 Pin=-2
Added Pin To Net: NetName=S1 Pin=P?-3
Added Net: Name=S1
Added Pin To Net: NetName=S2 Pin=-3
Added Pin To Net: NetName=S2 Pin=P?-5
Added Net: Name=S2
Added Pin To Net: NetName=S3 Pin=-4
Added Pin To Net: NetName=S3 Pin=P?-7
Added Net: Name=S3
Added Pin To Net: NetName=S4 Pin=-5
Added Pin To Net: NetName=S4 Pin=P?-9
Added Net: Name=S4
Added Pin To Net: NetName=S5 Pin=-6
Added Pin To Net: NetName=S5 Pin=P?-11
Added Net: Name=S5
Added Pin To Net: NetName=S6 Pin=-7
Added Pin To Net: NetName=S6 Pin=P?-13
Added Net: Name=S6
Added Pin To Net: NetName=S7 Pin=-8
Added Pin To Net: NetName=S7 Pin=P?-15
Added Net: Name=S7
Added Pin To Net: NetName=VCC Pin=-10
Added Pin To Net: NetName=VCC Pin=R0-1
Added Pin To Net: NetName=VCC Pin=R1-1
Added Pin To Net: NetName=VCC Pin=R2-1
Added Pin To Net: NetName=VCC Pin=R3-1
Added Pin To Net: NetName=VCC Pin=R4-1
Added Pin To Net: NetName=VCC Pin=R5-1
Added Pin To Net: NetName=VCC Pin=R6-1
Added Pin To Net: NetName=VCC Pin=R7-1
Added Net: Name=VCC
Added Class: Name=ButtonBoard
